#
# A fatal error has been detected by the Java Runtime Environment:
#
#  Internal Error (signature.cpp:53), pid=17793, tid=38147
#  fatal error: expecting (
#
# JRE version: OpenJDK Runtime Environment (11.0.14.1+1) (build 11.0.14.1+1-LTS)
# Java VM: OpenJDK 64-Bit Server VM (11.0.14.1+1-LTS, mixed mode, tiered, compressed oops, g1 gc, bsd-aarch64)
# No core dump will be written. Core dumps have been disabled. To enable core dumping, try "ulimit -c unlimited" before starting Java again
#
# If you would like to submit a bug report, please visit:
#   https://bell-sw.com/support
#

---------------  S U M M A R Y ------------

Command Line: -XX:TieredStopAtLevel=1 -Xverify:none -Dspring.output.ansi.enabled=always -javaagent:/Applications/IntelliJ IDEA.app/Contents/lib/idea_rt.jar=52288:/Applications/IntelliJ IDEA.app/Contents/bin -Dcom.sun.management.jmxremote -Dspring.jmx.enabled=true -Dspring.liveBeansView.mbeanDomain -Dspring.application.admin.enabled=true -Dfile.encoding=UTF-8 com.finalledger.FinalLedgerApplication

Host: MacBookAir10,1 arm64 1 MHz, 8 cores, 8G, Darwin 21.4.0
Time: Wed May 11 13:51:36 2022 CDT elapsed time: 2.981768 seconds (0d 0h 0m 2s)

---------------  T H R E A D  ---------------

Current thread (0x0000000143a12800):  JavaThread "restartedMain" [_thread_in_vm, id=38147, stack(0x00000001725c4000,0x00000001727c7000)]

Stack: [0x00000001725c4000,0x00000001727c7000],  sp=0x00000001727c17d0,  free space=2037k
Native frames: (J=compiled Java code, A=aot compiled Java code, j=interpreted, Vv=VM code, C=native code)
V  [libjvm.dylib+0x6e6e7c]  VMError::report_and_die(int, char const*, char const*, char*, Thread*, unsigned char*, void*, void*, char const*, int, unsigned long)+0x668
V  [libjvm.dylib+0x1feacc]  report_fatal(VMErrorType, char const*, int, char const*, ...)+0x70
V  [libjvm.dylib+0x628de4]  SignatureIterator::expect(char)+0x50
V  [libjvm.dylib+0x629358]  SignatureIterator::iterate_returntype()+0x28
V  [libjvm.dylib+0x1777c0]  ClassFileParser::parse_method(ClassFileStream const*, bool, ConstantPool const*, AccessFlags*, Thread*)+0x1374
V  [libjvm.dylib+0x177e0c]  ClassFileParser::parse_methods(ClassFileStream const*, bool, AccessFlags*, bool*, bool*, Thread*)+0x118
V  [libjvm.dylib+0x17d078]  ClassFileParser::parse_stream(ClassFileStream const*, Thread*)+0x7cc
V  [libjvm.dylib+0x17c874]  ClassFileParser::ClassFileParser(ClassFileStream*, Symbol*, ClassLoaderData*, Handle, InstanceKlass const*, GrowableArray<Handle>*, ClassFileParser::Publicity, Thread*)+0x238
V  [libjvm.dylib+0x441cc4]  KlassFactory::create_from_stream(ClassFileStream*, Symbol*, ClassLoaderData*, Handle, InstanceKlass const*, GrowableArray<Handle>*, Thread*)+0xc0
V  [libjvm.dylib+0x67b908]  SystemDictionary::resolve_from_stream(Symbol*, Handle, Handle, ClassFileStream*, Thread*)+0x114
V  [libjvm.dylib+0x3b829c]  jvm_define_class_common(JNIEnv_*, char const*, _jobject*, signed char const*, int, _jobject*, char const*, Thread*)+0x264
V  [libjvm.dylib+0x3b842c]  JVM_DefineClassWithSource+0x10c
C  [libjava.dylib+0x2348]  Java_java_lang_ClassLoader_defineClass1+0x184
J 1409  java.lang.ClassLoader.defineClass1(Ljava/lang/ClassLoader;Ljava/lang/String;[BIILjava/security/ProtectionDomain;Ljava/lang/String;)Ljava/lang/Class; java.base@11.0.14.1 (0 bytes) @ 0x000000010b95e29c [0x000000010b95e1c0+0x00000000000000dc]
C  0x000000012092ad98

Java frames: (J=compiled Java code, j=interpreted, Vv=VM code)
J 1409  java.lang.ClassLoader.defineClass1(Ljava/lang/ClassLoader;Ljava/lang/String;[BIILjava/security/ProtectionDomain;Ljava/lang/String;)Ljava/lang/Class; java.base@11.0.14.1 (0 bytes) @ 0x000000010b95e2a0 [0x000000010b95e1c0+0x00000000000000e0]
J 1408 c1 java.lang.ClassLoader.defineClass(Ljava/lang/String;[BIILjava/security/ProtectionDomain;)Ljava/lang/Class; java.base@11.0.14.1 (43 bytes) @ 0x000000010b96406c [0x000000010b963f80+0x00000000000000ec]
J 1413 c1 jdk.internal.loader.BuiltinClassLoader.defineClass(Ljava/lang/String;Ljdk/internal/loader/Resource;)Ljava/lang/Class; java.base@11.0.14.1 (121 bytes) @ 0x000000010b964c3c [0x000000010b964780+0x00000000000004bc]
J 1351 c1 jdk.internal.loader.BuiltinClassLoader.findClassOnClassPathOrNull(Ljava/lang/String;)Ljava/lang/Class; java.base@11.0.14.1 (64 bytes) @ 0x000000010b94bbf4 [0x000000010b94bb00+0x00000000000000f4]
J 1083 c1 jdk.internal.loader.BuiltinClassLoader.loadClassOrNull(Ljava/lang/String;Z)Ljava/lang/Class; java.base@11.0.14.1 (143 bytes) @ 0x000000010b8e8590 [0x000000010b8e8140+0x0000000000000450]
J 1252 c1 jdk.internal.loader.ClassLoaders$AppClassLoader.loadClass(Ljava/lang/String;Z)Ljava/lang/Class; java.base@11.0.14.1 (40 bytes) @ 0x000000010b91a530 [0x000000010b91a400+0x0000000000000130]
J 1227 c1 java.lang.ClassLoader.loadClass(Ljava/lang/String;)Ljava/lang/Class; java.base@11.0.14.1 (7 bytes) @ 0x000000010b9173a8 [0x000000010b917340+0x0000000000000068]
v  ~StubRoutines::call_stub
J 1409  java.lang.ClassLoader.defineClass1(Ljava/lang/ClassLoader;Ljava/lang/String;[BIILjava/security/ProtectionDomain;Ljava/lang/String;)Ljava/lang/Class; java.base@11.0.14.1 (0 bytes) @ 0x000000010b95e2a0 [0x000000010b95e1c0+0x00000000000000e0]
J 1408 c1 java.lang.ClassLoader.defineClass(Ljava/lang/String;[BIILjava/security/ProtectionDomain;)Ljava/lang/Class; java.base@11.0.14.1 (43 bytes) @ 0x000000010b96406c [0x000000010b963f80+0x00000000000000ec]
J 1413 c1 jdk.internal.loader.BuiltinClassLoader.defineClass(Ljava/lang/String;Ljdk/internal/loader/Resource;)Ljava/lang/Class; java.base@11.0.14.1 (121 bytes) @ 0x000000010b964c3c [0x000000010b964780+0x00000000000004bc]
J 1351 c1 jdk.internal.loader.BuiltinClassLoader.findClassOnClassPathOrNull(Ljava/lang/String;)Ljava/lang/Class; java.base@11.0.14.1 (64 bytes) @ 0x000000010b94bbf4 [0x000000010b94bb00+0x00000000000000f4]
J 1083 c1 jdk.internal.loader.BuiltinClassLoader.loadClassOrNull(Ljava/lang/String;Z)Ljava/lang/Class; java.base@11.0.14.1 (143 bytes) @ 0x000000010b8e8590 [0x000000010b8e8140+0x0000000000000450]
J 1252 c1 jdk.internal.loader.ClassLoaders$AppClassLoader.loadClass(Ljava/lang/String;Z)Ljava/lang/Class; java.base@11.0.14.1 (40 bytes) @ 0x000000010b91a530 [0x000000010b91a400+0x0000000000000130]
J 1227 c1 java.lang.ClassLoader.loadClass(Ljava/lang/String;)Ljava/lang/Class; java.base@11.0.14.1 (7 bytes) @ 0x000000010b9173a8 [0x000000010b917340+0x0000000000000068]
v  ~StubRoutines::call_stub
j  com.zaxxer.hikari.pool.ProxyFactory.getProxyConnection(Lcom/zaxxer/hikari/pool/PoolEntry;Ljava/sql/Connection;Lcom/zaxxer/hikari/util/FastList;Lcom/zaxxer/hikari/pool/ProxyLeakTask;JZZ)Lcom/zaxxer/hikari/pool/ProxyConnection;+0
j  com.zaxxer.hikari.pool.PoolEntry.createProxyConnection(Lcom/zaxxer/hikari/pool/ProxyLeakTask;J)Ljava/sql/Connection;+19
j  com.zaxxer.hikari.pool.HikariPool.getConnection(J)Ljava/sql/Connection;+139
j  com.zaxxer.hikari.pool.HikariPool.getConnection()Ljava/sql/Connection;+5
j  com.zaxxer.hikari.HikariDataSource.getConnection()Ljava/sql/Connection;+163
j  org.hibernate.engine.jdbc.connections.internal.DatasourceConnectionProviderImpl.getConnection()Ljava/sql/Connection;+48
j  org.hibernate.engine.jdbc.env.internal.JdbcEnvironmentInitiator$ConnectionProviderJdbcConnectionAccess.obtainConnection()Ljava/sql/Connection;+4
j  org.hibernate.engine.jdbc.env.internal.JdbcEnvironmentInitiator.initiateService(Ljava/util/Map;Lorg/hibernate/service/spi/ServiceRegistryImplementor;)Lorg/hibernate/engine/jdbc/env/spi/JdbcEnvironment;+36
j  org.hibernate.engine.jdbc.env.internal.JdbcEnvironmentInitiator.initiateService(Ljava/util/Map;Lorg/hibernate/service/spi/ServiceRegistryImplementor;)Lorg/hibernate/service/Service;+3
j  org.hibernate.boot.registry.internal.StandardServiceRegistryImpl.initiateService(Lorg/hibernate/service/spi/ServiceInitiator;)Lorg/hibernate/service/Service;+9
j  org.hibernate.service.internal.AbstractServiceRegistryImpl.createService(Lorg/hibernate/service/spi/ServiceBinding;)Lorg/hibernate/service/Service;+26
j  org.hibernate.service.internal.AbstractServiceRegistryImpl.initializeService(Lorg/hibernate/service/spi/ServiceBinding;)Lorg/hibernate/service/Service;+30
j  org.hibernate.service.internal.AbstractServiceRegistryImpl.getService(Ljava/lang/Class;)Lorg/hibernate/service/Service;+88
j  org.hibernate.id.factory.internal.DefaultIdentifierGeneratorFactory.injectServices(Lorg/hibernate/service/spi/ServiceRegistryImplementor;)V+9
j  org.hibernate.service.internal.AbstractServiceRegistryImpl.injectDependencies(Lorg/hibernate/service/spi/ServiceBinding;)V+24
j  org.hibernate.service.internal.AbstractServiceRegistryImpl.initializeService(Lorg/hibernate/service/spi/ServiceBinding;)Lorg/hibernate/service/Service;+45
j  org.hibernate.service.internal.AbstractServiceRegistryImpl.getService(Ljava/lang/Class;)Lorg/hibernate/service/Service;+88
j  org.hibernate.boot.internal.InFlightMetadataCollectorImpl.<init>(Lorg/hibernate/boot/spi/BootstrapContext;Lorg/hibernate/boot/spi/MetadataBuildingOptions;)V+277
j  org.hibernate.boot.model.process.spi.MetadataBuildingProcess.complete(Lorg/hibernate/boot/model/process/spi/ManagedResources;Lorg/hibernate/boot/spi/BootstrapContext;Lorg/hibernate/boot/spi/MetadataBuildingOptions;)Lorg/hibernate/boot/spi/MetadataImplementor;+6
j  org.hibernate.jpa.boot.internal.EntityManagerFactoryBuilderImpl.metadata()Lorg/hibernate/boot/spi/MetadataImplementor;+30
j  org.hibernate.jpa.boot.internal.EntityManagerFactoryBuilderImpl.build()Ljavax/persistence/EntityManagerFactory;+3
j  org.springframework.orm.jpa.vendor.SpringHibernateJpaPersistenceProvider.createContainerEntityManagerFactory(Ljavax/persistence/spi/PersistenceUnitInfo;Ljava/util/Map;)Ljavax/persistence/EntityManagerFactory;+55
j  org.springframework.orm.jpa.LocalContainerEntityManagerFactoryBean.createNativeEntityManagerFactory()Ljavax/persistence/EntityManagerFactory;+129
j  org.springframework.orm.jpa.AbstractEntityManagerFactoryBean.buildNativeEntityManagerFactory()Ljavax/persistence/EntityManagerFactory;+1
j  org.springframework.orm.jpa.AbstractEntityManagerFactoryBean.afterPropertiesSet()V+192
j  org.springframework.orm.jpa.LocalContainerEntityManagerFactoryBean.afterPropertiesSet()V+77
j  org.springframework.beans.factory.support.AbstractAutowireCapableBeanFactory.invokeInitMethods(Ljava/lang/String;Ljava/lang/Object;Lorg/springframework/beans/factory/support/RootBeanDefinition;)V+106
j  org.springframework.beans.factory.support.AbstractAutowireCapableBeanFactory.initializeBean(Ljava/lang/String;Ljava/lang/Object;Lorg/springframework/beans/factory/support/RootBeanDefinition;)Ljava/lang/Object;+59
j  org.springframework.beans.factory.support.AbstractAutowireCapableBeanFactory.doCreateBean(Ljava/lang/String;Lorg/springframework/beans/factory/support/RootBeanDefinition;[Ljava/lang/Object;)Ljava/lang/Object;+245
j  org.springframework.beans.factory.support.AbstractAutowireCapableBeanFactory.createBean(Ljava/lang/String;Lorg/springframework/beans/factory/support/RootBeanDefinition;[Ljava/lang/Object;)Ljava/lang/Object;+169
j  org.springframework.beans.factory.support.AbstractBeanFactory.lambda$doGetBean$0(Ljava/lang/String;Lorg/springframework/beans/factory/support/RootBeanDefinition;[Ljava/lang/Object;)Ljava/lang/Object;+4
j  org.springframework.beans.factory.support.AbstractBeanFactory$$Lambda$305.getObject()Ljava/lang/Object;+16
j  org.springframework.beans.factory.support.DefaultSingletonBeanRegistry.getSingleton(Ljava/lang/String;Lorg/springframework/beans/factory/ObjectFactory;)Ljava/lang/Object;+132
J 2581 c1 org.springframework.beans.factory.support.AbstractBeanFactory.doGetBean(Ljava/lang/String;Ljava/lang/Class;[Ljava/lang/Object;Z)Ljava/lang/Object; (832 bytes) @ 0x000000010bb56ef4 [0x000000010bb569c0+0x0000000000000534]
j  org.springframework.beans.factory.support.AbstractBeanFactory.getBean(Ljava/lang/String;)Ljava/lang/Object;+5
j  org.springframework.context.support.AbstractApplicationContext.getBean(Ljava/lang/String;)Ljava/lang/Object;+9
j  org.springframework.context.support.AbstractApplicationContext.finishBeanFactoryInitialization(Lorg/springframework/beans/factory/config/ConfigurableListableBeanFactory;)V+100
j  org.springframework.context.support.AbstractApplicationContext.refresh()V+86
j  org.springframework.boot.web.servlet.context.ServletWebServerApplicationContext.refresh()V+1
j  org.springframework.boot.SpringApplication.refresh(Lorg/springframework/context/ConfigurableApplicationContext;)V+1
j  org.springframework.boot.SpringApplication.refreshContext(Lorg/springframework/context/ConfigurableApplicationContext;)V+16
j  org.springframework.boot.SpringApplication.run([Ljava/lang/String;)Lorg/springframework/context/ConfigurableApplicationContext;+107
j  org.springframework.boot.SpringApplication.run([Ljava/lang/Class;[Ljava/lang/String;)Lorg/springframework/context/ConfigurableApplicationContext;+9
j  org.springframework.boot.SpringApplication.run(Ljava/lang/Class;[Ljava/lang/String;)Lorg/springframework/context/ConfigurableApplicationContext;+9
j  com.finalledger.FinalLedgerApplication.main([Ljava/lang/String;)V+3
v  ~StubRoutines::call_stub
j  jdk.internal.reflect.NativeMethodAccessorImpl.invoke0(Ljava/lang/reflect/Method;Ljava/lang/Object;[Ljava/lang/Object;)Ljava/lang/Object;+0 java.base@11.0.14.1
j  jdk.internal.reflect.NativeMethodAccessorImpl.invoke(Ljava/lang/Object;[Ljava/lang/Object;)Ljava/lang/Object;+100 java.base@11.0.14.1
j  jdk.internal.reflect.DelegatingMethodAccessorImpl.invoke(Ljava/lang/Object;[Ljava/lang/Object;)Ljava/lang/Object;+6 java.base@11.0.14.1
j  java.lang.reflect.Method.invoke(Ljava/lang/Object;[Ljava/lang/Object;)Ljava/lang/Object;+59 java.base@11.0.14.1
j  org.springframework.boot.devtools.restart.RestartLauncher.run()V+42
v  ~StubRoutines::call_stub

---------------  P R O C E S S  ---------------

Threads class SMR info:
_java_thread_list=0x00006000039f8bc0, length=22, elements={
0x000000014680d800, 0x000000014684b800, 0x000000014684e800, 0x00000001438c3800,
0x00000001438b3000, 0x0000000144816800, 0x00000001438b3800, 0x000000014589d800,
0x0000000144871800, 0x00000001448ef000, 0x0000000146071800, 0x000000014490b000,
0x0000000143a12800, 0x0000000143b31800, 0x0000000143b32000, 0x0000000123844000,
0x0000000146af5000, 0x0000000146ba7800, 0x0000000145b13800, 0x0000000146ba8800,
0x0000000143c32000, 0x0000000145a72000
}

Java Threads: ( => current thread )
  0x000000014680d800 JavaThread "main" [_thread_blocked, id=5891, stack(0x000000016f7a4000,0x000000016f9a7000)]
  0x000000014684b800 JavaThread "Reference Handler" daemon [_thread_blocked, id=13059, stack(0x00000001705f8000,0x00000001707fb000)]
  0x000000014684e800 JavaThread "Finalizer" daemon [_thread_blocked, id=16899, stack(0x0000000170804000,0x0000000170a07000)]
  0x00000001438c3800 JavaThread "Signal Dispatcher" daemon [_thread_blocked, id=14851, stack(0x0000000170b28000,0x0000000170d2b000)]
  0x00000001438b3000 JavaThread "Service Thread" daemon [_thread_blocked, id=22019, stack(0x0000000170d34000,0x0000000170f37000)]
  0x0000000144816800 JavaThread "C1 CompilerThread0" daemon [_thread_blocked, id=43011, stack(0x0000000170f40000,0x0000000171143000)]
  0x00000001438b3800 JavaThread "Sweeper thread" daemon [_thread_blocked, id=42499, stack(0x000000017114c000,0x000000017134f000)]
  0x000000014589d800 JavaThread "Common-Cleaner" daemon [_thread_blocked, id=42243, stack(0x0000000171358000,0x000000017155b000)]
  0x0000000144871800 JavaThread "Monitor Ctrl-Break" daemon [_thread_in_native, id=23299, stack(0x0000000171564000,0x0000000171767000)]
  0x00000001448ef000 JavaThread "RMI TCP Accept-0" daemon [_thread_in_native, id=23555, stack(0x0000000171770000,0x0000000171973000)]
  0x0000000146071800 JavaThread "Attach Listener" daemon [_thread_blocked, id=39939, stack(0x0000000171b88000,0x0000000171d8b000)]
  0x000000014490b000 JavaThread "Thread-0" [_thread_blocked, id=38659, stack(0x00000001723b8000,0x00000001725bb000)]
=>0x0000000143a12800 JavaThread "restartedMain" [_thread_in_vm, id=38147, stack(0x00000001725c4000,0x00000001727c7000)]
  0x0000000143b31800 JavaThread "RMI TCP Connection(4)-127.0.0.1" daemon [_thread_in_native, id=37635, stack(0x00000001727d0000,0x00000001729d3000)]
  0x0000000143b32000 JavaThread "RMI Scheduler(0)" daemon [_thread_blocked, id=25603, stack(0x00000001729dc000,0x0000000172bdf000)]
  0x0000000123844000 JavaThread "RMI TCP Connection(2)-127.0.0.1" daemon [_thread_in_native, id=34567, stack(0x0000000172be8000,0x0000000172deb000)]
  0x0000000146af5000 JavaThread "RMI TCP Connection(5)-127.0.0.1" daemon [_thread_in_native, id=26127, stack(0x0000000173a3c000,0x0000000173c3f000)]
  0x0000000146ba7800 JavaThread "Catalina-utility-1" [_thread_blocked, id=33799, stack(0x0000000173c48000,0x0000000173e4b000)]
  0x0000000145b13800 JavaThread "Catalina-utility-2" [_thread_blocked, id=27907, stack(0x0000000173e54000,0x0000000174057000)]
  0x0000000146ba8800 JavaThread "container-0" [_thread_blocked, id=28675, stack(0x0000000174060000,0x0000000174263000)]
  0x0000000143c32000 JavaThread "mysql-cj-abandoned-connection-cleanup" daemon [_thread_blocked, id=32771, stack(0x000000017426c000,0x000000017446f000)]
  0x0000000145a72000 JavaThread "HikariPool-1 housekeeper" daemon [_thread_blocked, id=29443, stack(0x0000000174478000,0x000000017467b000)]

Other Threads:
  0x0000000146841800 VMThread "VM Thread" [stack: 0x00000001703ec000,0x00000001705ef000] [id=12291]
  0x0000000145a02800 WatcherThread [stack: 0x000000017197c000,0x0000000171b7f000] [id=40707]
  0x0000000143813800 GCTaskThread "GC Thread#0" [stack: 0x000000016f9b0000,0x000000016fbb3000] [id=20483]
  0x0000000145a3b800 GCTaskThread "GC Thread#1" [stack: 0x0000000171d94000,0x0000000171f97000] [id=39427]
  0x0000000145a5b800 GCTaskThread "GC Thread#2" [stack: 0x0000000171fa0000,0x00000001721a3000] [id=24067]
  0x00000001449b0000 GCTaskThread "GC Thread#3" [stack: 0x0000000172df4000,0x0000000172ff7000] [id=36611]
  0x0000000146a0a800 GCTaskThread "GC Thread#4" [stack: 0x0000000173000000,0x0000000173203000] [id=36355]
  0x0000000143b30800 GCTaskThread "GC Thread#5" [stack: 0x000000017320c000,0x000000017340f000] [id=26627]
  0x0000000146a2b000 GCTaskThread "GC Thread#6" [stack: 0x0000000173418000,0x000000017361b000] [id=35587]
  0x0000000145a68800 GCTaskThread "GC Thread#7" [stack: 0x0000000173624000,0x0000000173827000] [id=26883]
  0x0000000143833800 ConcurrentGCThread "G1 Main Marker" [stack: 0x000000016fbbc000,0x000000016fdbf000] [id=19971]
  0x0000000143834800 ConcurrentGCThread "G1 Conc#0" [stack: 0x000000016fdc8000,0x000000016ffcb000] [id=19459]
  0x00000001449bf000 ConcurrentGCThread "G1 Conc#1" [stack: 0x0000000173830000,0x0000000173a33000] [id=27395]
  0x0000000143895000 ConcurrentGCThread "G1 Refine#0" [stack: 0x000000016ffd4000,0x00000001701d7000] [id=18947]
  0x0000000144961000 ConcurrentGCThread "G1 Refine#1" [stack: 0x00000001721ac000,0x00000001723af000] [id=39171]
  0x0000000143896000 ConcurrentGCThread "G1 Young RemSet Sampling" [stack: 0x00000001701e0000,0x00000001703e3000] [id=18691]

Threads with active compile tasks:

VM state:not at safepoint (normal execution)

VM Mutex/Monitor currently owned by a thread: None

Heap address: 0x0000000740000000, size: 2048 MB, Compressed Oops mode: Zero based, Oop shift amount: 3
Narrow klass base: 0x0000000800000000, Narrow klass shift: 0
Compressed class space size: 1073741824 Address: 0x0000000800000000

Heap:
 garbage-first heap   total 157696K, used 101260K [0x0000000740000000, 0x00000007c0000000)
  region size 1024K, 90 young (92160K), 6 survivors (6144K)
 Metaspace       used 44190K, capacity 45708K, committed 45824K, reserved 1089536K
  class space    used 5776K, capacity 6377K, committed 6400K, reserved 1048576K
Heap Regions: E=young(eden), S=young(survivor), O=old, HS=humongous(starts), HC=humongous(continues), CS=collection set, F=free, A=archive, TAMS=top-at-mark-start (previous, next)
|   0|0x0000000740000000, 0x0000000740100000, 0x0000000740100000|100%|HS|  |TAMS 0x0000000740100000, 0x0000000740000000| Complete 
|   1|0x0000000740100000, 0x0000000740200000, 0x0000000740200000|100%| O|  |TAMS 0x0000000740200000, 0x0000000740100000| Untracked 
|   2|0x0000000740200000, 0x0000000740300000, 0x0000000740300000|100%| O|  |TAMS 0x0000000740300000, 0x0000000740200000| Untracked 
|   3|0x0000000740300000, 0x0000000740400000, 0x0000000740400000|100%| O|  |TAMS 0x0000000740400000, 0x0000000740300000| Untracked 
|   4|0x0000000740400000, 0x0000000740500000, 0x0000000740500000|100%| O|  |TAMS 0x0000000740500000, 0x0000000740400000| Untracked 
|   5|0x0000000740500000, 0x0000000740600000, 0x0000000740600000|100%| O|  |TAMS 0x0000000740600000, 0x0000000740500000| Untracked 
|   6|0x0000000740600000, 0x0000000740700000, 0x0000000740700000|100%| O|  |TAMS 0x0000000740700000, 0x0000000740600000| Untracked 
|   7|0x0000000740700000, 0x0000000740800000, 0x0000000740800000|100%| O|  |TAMS 0x0000000740800000, 0x0000000740700000| Untracked 
|   8|0x0000000740800000, 0x0000000740900000, 0x0000000740900000|100%| O|  |TAMS 0x0000000740900000, 0x0000000740800000| Untracked 
|   9|0x0000000740900000, 0x0000000740a00000, 0x0000000740a00000|100%| O|  |TAMS 0x0000000740a00000, 0x0000000740900000| Untracked 
|  10|0x0000000740a00000, 0x0000000740a83200, 0x0000000740b00000| 51%| O|  |TAMS 0x0000000740a83200, 0x0000000740a00000| Untracked 
|  11|0x0000000740b00000, 0x0000000740b00000, 0x0000000740c00000|  0%| F|  |TAMS 0x0000000740b00000, 0x0000000740b00000| Untracked 
|  12|0x0000000740c00000, 0x0000000740c00000, 0x0000000740d00000|  0%| F|  |TAMS 0x0000000740c00000, 0x0000000740c00000| Untracked 
|  13|0x0000000740d00000, 0x0000000740d00000, 0x0000000740e00000|  0%| F|  |TAMS 0x0000000740d00000, 0x0000000740d00000| Untracked 
|  14|0x0000000740e00000, 0x0000000740e00000, 0x0000000740f00000|  0%| F|  |TAMS 0x0000000740e00000, 0x0000000740e00000| Untracked 
|  15|0x0000000740f00000, 0x0000000740f00000, 0x0000000741000000|  0%| F|  |TAMS 0x0000000740f00000, 0x0000000740f00000| Untracked 
|  16|0x0000000741000000, 0x0000000741000000, 0x0000000741100000|  0%| F|  |TAMS 0x0000000741000000, 0x0000000741000000| Untracked 
|  17|0x0000000741100000, 0x0000000741100000, 0x0000000741200000|  0%| F|  |TAMS 0x0000000741100000, 0x0000000741100000| Untracked 
|  18|0x0000000741200000, 0x0000000741200000, 0x0000000741300000|  0%| F|  |TAMS 0x0000000741200000, 0x0000000741200000| Untracked 
|  19|0x0000000741300000, 0x0000000741300000, 0x0000000741400000|  0%| F|  |TAMS 0x0000000741300000, 0x0000000741300000| Untracked 
|  20|0x0000000741400000, 0x0000000741400000, 0x0000000741500000|  0%| F|  |TAMS 0x0000000741400000, 0x0000000741400000| Untracked 
|  21|0x0000000741500000, 0x0000000741500000, 0x0000000741600000|  0%| F|  |TAMS 0x0000000741500000, 0x0000000741500000| Untracked 
|  22|0x0000000741600000, 0x0000000741600000, 0x0000000741700000|  0%| F|  |TAMS 0x0000000741600000, 0x0000000741600000| Untracked 
|  23|0x0000000741700000, 0x0000000741700000, 0x0000000741800000|  0%| F|  |TAMS 0x0000000741700000, 0x0000000741700000| Untracked 
|  24|0x0000000741800000, 0x0000000741800000, 0x0000000741900000|  0%| F|  |TAMS 0x0000000741800000, 0x0000000741800000| Untracked 
|  25|0x0000000741900000, 0x0000000741900000, 0x0000000741a00000|  0%| F|  |TAMS 0x0000000741900000, 0x0000000741900000| Untracked 
|  26|0x0000000741a00000, 0x0000000741a00000, 0x0000000741b00000|  0%| F|  |TAMS 0x0000000741a00000, 0x0000000741a00000| Untracked 
|  27|0x0000000741b00000, 0x0000000741b00000, 0x0000000741c00000|  0%| F|  |TAMS 0x0000000741b00000, 0x0000000741b00000| Untracked 
|  28|0x0000000741c00000, 0x0000000741c00000, 0x0000000741d00000|  0%| F|  |TAMS 0x0000000741c00000, 0x0000000741c00000| Untracked 
|  29|0x0000000741d00000, 0x0000000741d00000, 0x0000000741e00000|  0%| F|  |TAMS 0x0000000741d00000, 0x0000000741d00000| Untracked 
|  30|0x0000000741e00000, 0x0000000741e00000, 0x0000000741f00000|  0%| F|  |TAMS 0x0000000741e00000, 0x0000000741e00000| Untracked 
|  31|0x0000000741f00000, 0x0000000741f00000, 0x0000000742000000|  0%| F|  |TAMS 0x0000000741f00000, 0x0000000741f00000| Untracked 
|  32|0x0000000742000000, 0x0000000742000000, 0x0000000742100000|  0%| F|  |TAMS 0x0000000742000000, 0x0000000742000000| Untracked 
|  33|0x0000000742100000, 0x0000000742100000, 0x0000000742200000|  0%| F|  |TAMS 0x0000000742100000, 0x0000000742100000| Untracked 
|  34|0x0000000742200000, 0x0000000742200000, 0x0000000742300000|  0%| F|  |TAMS 0x0000000742200000, 0x0000000742200000| Untracked 
|  35|0x0000000742300000, 0x0000000742300000, 0x0000000742400000|  0%| F|  |TAMS 0x0000000742300000, 0x0000000742300000| Untracked 
|  36|0x0000000742400000, 0x0000000742400000, 0x0000000742500000|  0%| F|  |TAMS 0x0000000742400000, 0x0000000742400000| Untracked 
|  37|0x0000000742500000, 0x0000000742500000, 0x0000000742600000|  0%| F|  |TAMS 0x0000000742500000, 0x0000000742500000| Untracked 
|  38|0x0000000742600000, 0x0000000742600000, 0x0000000742700000|  0%| F|  |TAMS 0x0000000742600000, 0x0000000742600000| Untracked 
|  39|0x0000000742700000, 0x0000000742700000, 0x0000000742800000|  0%| F|  |TAMS 0x0000000742700000, 0x0000000742700000| Untracked 
|  40|0x0000000742800000, 0x0000000742800000, 0x0000000742900000|  0%| F|  |TAMS 0x0000000742800000, 0x0000000742800000| Untracked 
|  41|0x0000000742900000, 0x0000000742900000, 0x0000000742a00000|  0%| F|  |TAMS 0x0000000742900000, 0x0000000742900000| Untracked 
|  42|0x0000000742a00000, 0x0000000742a00000, 0x0000000742b00000|  0%| F|  |TAMS 0x0000000742a00000, 0x0000000742a00000| Untracked 
|  43|0x0000000742b00000, 0x0000000742b00000, 0x0000000742c00000|  0%| F|  |TAMS 0x0000000742b00000, 0x0000000742b00000| Untracked 
|  44|0x0000000742c00000, 0x0000000742c00000, 0x0000000742d00000|  0%| F|  |TAMS 0x0000000742c00000, 0x0000000742c00000| Untracked 
|  45|0x0000000742d00000, 0x0000000742d00000, 0x0000000742e00000|  0%| F|  |TAMS 0x0000000742d00000, 0x0000000742d00000| Untracked 
|  46|0x0000000742e00000, 0x0000000742e00000, 0x0000000742f00000|  0%| F|  |TAMS 0x0000000742e00000, 0x0000000742e00000| Untracked 
|  47|0x0000000742f00000, 0x0000000742f00000, 0x0000000743000000|  0%| F|  |TAMS 0x0000000742f00000, 0x0000000742f00000| Untracked 
|  48|0x0000000743000000, 0x0000000743000000, 0x0000000743100000|  0%| F|  |TAMS 0x0000000743000000, 0x0000000743000000| Untracked 
|  49|0x0000000743100000, 0x0000000743100000, 0x0000000743200000|  0%| F|  |TAMS 0x0000000743100000, 0x0000000743100000| Untracked 
|  50|0x0000000743200000, 0x0000000743200000, 0x0000000743300000|  0%| F|  |TAMS 0x0000000743200000, 0x0000000743200000| Untracked 
|  51|0x0000000743300000, 0x0000000743300000, 0x0000000743400000|  0%| F|  |TAMS 0x0000000743300000, 0x0000000743300000| Untracked 
|  52|0x0000000743400000, 0x0000000743400000, 0x0000000743500000|  0%| F|  |TAMS 0x0000000743400000, 0x0000000743400000| Untracked 
|  53|0x0000000743500000, 0x0000000743500000, 0x0000000743600000|  0%| F|  |TAMS 0x0000000743500000, 0x0000000743500000| Untracked 
|  54|0x0000000743600000, 0x0000000743600000, 0x0000000743700000|  0%| F|  |TAMS 0x0000000743600000, 0x0000000743600000| Untracked 
|  55|0x0000000743700000, 0x0000000743700000, 0x0000000743800000|  0%| F|  |TAMS 0x0000000743700000, 0x0000000743700000| Untracked 
|  56|0x0000000743800000, 0x0000000743800000, 0x0000000743900000|  0%| F|  |TAMS 0x0000000743800000, 0x0000000743800000| Untracked 
|  57|0x0000000743900000, 0x0000000743900000, 0x0000000743a00000|  0%| F|  |TAMS 0x0000000743900000, 0x0000000743900000| Untracked 
|  58|0x0000000743a00000, 0x0000000743a00000, 0x0000000743b00000|  0%| F|  |TAMS 0x0000000743a00000, 0x0000000743a00000| Untracked 
|  59|0x0000000743b00000, 0x0000000743b00000, 0x0000000743c00000|  0%| F|  |TAMS 0x0000000743b00000, 0x0000000743b00000| Untracked 
|  60|0x0000000743c00000, 0x0000000743c00000, 0x0000000743d00000|  0%| F|  |TAMS 0x0000000743c00000, 0x0000000743c00000| Untracked 
|  61|0x0000000743d00000, 0x0000000743d00000, 0x0000000743e00000|  0%| F|  |TAMS 0x0000000743d00000, 0x0000000743d00000| Untracked 
|  62|0x0000000743e00000, 0x0000000743e00000, 0x0000000743f00000|  0%| F|  |TAMS 0x0000000743e00000, 0x0000000743e00000| Untracked 
|  63|0x0000000743f00000, 0x0000000743f00000, 0x0000000744000000|  0%| F|  |TAMS 0x0000000743f00000, 0x0000000743f00000| Untracked 
|  64|0x0000000744000000, 0x0000000744080800, 0x0000000744100000| 50%| E|  |TAMS 0x0000000744000000, 0x0000000744000000| Complete 
|  65|0x0000000744100000, 0x0000000744200000, 0x0000000744200000|100%| E|CS|TAMS 0x0000000744100000, 0x0000000744100000| Complete 
|  66|0x0000000744200000, 0x0000000744300000, 0x0000000744300000|100%| E|CS|TAMS 0x0000000744200000, 0x0000000744200000| Complete 
|  67|0x0000000744300000, 0x0000000744400000, 0x0000000744400000|100%| E|CS|TAMS 0x0000000744300000, 0x0000000744300000| Complete 
|  68|0x0000000744400000, 0x0000000744500000, 0x0000000744500000|100%| E|CS|TAMS 0x0000000744400000, 0x0000000744400000| Complete 
|  69|0x0000000744500000, 0x0000000744600000, 0x0000000744600000|100%| E|CS|TAMS 0x0000000744500000, 0x0000000744500000| Complete 
|  70|0x0000000744600000, 0x0000000744700000, 0x0000000744700000|100%| E|CS|TAMS 0x0000000744600000, 0x0000000744600000| Complete 
|  71|0x0000000744700000, 0x0000000744800000, 0x0000000744800000|100%| E|CS|TAMS 0x0000000744700000, 0x0000000744700000| Complete 
|  72|0x0000000744800000, 0x0000000744900000, 0x0000000744900000|100%| E|CS|TAMS 0x0000000744800000, 0x0000000744800000| Complete 
|  73|0x0000000744900000, 0x0000000744a00000, 0x0000000744a00000|100%| E|CS|TAMS 0x0000000744900000, 0x0000000744900000| Complete 
|  74|0x0000000744a00000, 0x0000000744b00000, 0x0000000744b00000|100%| E|CS|TAMS 0x0000000744a00000, 0x0000000744a00000| Complete 
|  75|0x0000000744b00000, 0x0000000744c00000, 0x0000000744c00000|100%| E|CS|TAMS 0x0000000744b00000, 0x0000000744b00000| Complete 
|  76|0x0000000744c00000, 0x0000000744d00000, 0x0000000744d00000|100%| E|CS|TAMS 0x0000000744c00000, 0x0000000744c00000| Complete 
|  77|0x0000000744d00000, 0x0000000744e00000, 0x0000000744e00000|100%| E|CS|TAMS 0x0000000744d00000, 0x0000000744d00000| Complete 
|  78|0x0000000744e00000, 0x0000000744f00000, 0x0000000744f00000|100%| E|CS|TAMS 0x0000000744e00000, 0x0000000744e00000| Complete 
|  79|0x0000000744f00000, 0x0000000745000000, 0x0000000745000000|100%| E|CS|TAMS 0x0000000744f00000, 0x0000000744f00000| Complete 
|  80|0x0000000745000000, 0x0000000745100000, 0x0000000745100000|100%| E|CS|TAMS 0x0000000745000000, 0x0000000745000000| Complete 
|  81|0x0000000745100000, 0x0000000745200000, 0x0000000745200000|100%| E|CS|TAMS 0x0000000745100000, 0x0000000745100000| Complete 
|  82|0x0000000745200000, 0x0000000745300000, 0x0000000745300000|100%| E|CS|TAMS 0x0000000745200000, 0x0000000745200000| Complete 
|  83|0x0000000745300000, 0x0000000745400000, 0x0000000745400000|100%| E|CS|TAMS 0x0000000745300000, 0x0000000745300000| Complete 
|  84|0x0000000745400000, 0x0000000745500000, 0x0000000745500000|100%| E|CS|TAMS 0x0000000745400000, 0x0000000745400000| Complete 
|  85|0x0000000745500000, 0x0000000745600000, 0x0000000745600000|100%| E|CS|TAMS 0x0000000745500000, 0x0000000745500000| Complete 
|  86|0x0000000745600000, 0x0000000745700000, 0x0000000745700000|100%| E|CS|TAMS 0x0000000745600000, 0x0000000745600000| Complete 
|  87|0x0000000745700000, 0x0000000745800000, 0x0000000745800000|100%| E|CS|TAMS 0x0000000745700000, 0x0000000745700000| Complete 
|  88|0x0000000745800000, 0x0000000745900000, 0x0000000745900000|100%| E|CS|TAMS 0x0000000745800000, 0x0000000745800000| Complete 
|  89|0x0000000745900000, 0x0000000745a00000, 0x0000000745a00000|100%| E|CS|TAMS 0x0000000745900000, 0x0000000745900000| Complete 
|  90|0x0000000745a00000, 0x0000000745b00000, 0x0000000745b00000|100%| E|CS|TAMS 0x0000000745a00000, 0x0000000745a00000| Complete 
|  91|0x0000000745b00000, 0x0000000745c00000, 0x0000000745c00000|100%| E|CS|TAMS 0x0000000745b00000, 0x0000000745b00000| Complete 
|  92|0x0000000745c00000, 0x0000000745d00000, 0x0000000745d00000|100%| E|CS|TAMS 0x0000000745c00000, 0x0000000745c00000| Complete 
|  93|0x0000000745d00000, 0x0000000745e00000, 0x0000000745e00000|100%| E|CS|TAMS 0x0000000745d00000, 0x0000000745d00000| Complete 
|  94|0x0000000745e00000, 0x0000000745f00000, 0x0000000745f00000|100%| E|CS|TAMS 0x0000000745e00000, 0x0000000745e00000| Complete 
|  95|0x0000000745f00000, 0x0000000746000000, 0x0000000746000000|100%| E|CS|TAMS 0x0000000745f00000, 0x0000000745f00000| Complete 
|  96|0x0000000746000000, 0x0000000746100000, 0x0000000746100000|100%| E|CS|TAMS 0x0000000746000000, 0x0000000746000000| Complete 
|  97|0x0000000746100000, 0x0000000746200000, 0x0000000746200000|100%| E|CS|TAMS 0x0000000746100000, 0x0000000746100000| Complete 
|  98|0x0000000746200000, 0x0000000746300000, 0x0000000746300000|100%| E|CS|TAMS 0x0000000746200000, 0x0000000746200000| Complete 
|  99|0x0000000746300000, 0x0000000746400000, 0x0000000746400000|100%| E|CS|TAMS 0x0000000746300000, 0x0000000746300000| Complete 
| 100|0x0000000746400000, 0x0000000746500000, 0x0000000746500000|100%| E|CS|TAMS 0x0000000746400000, 0x0000000746400000| Complete 
| 101|0x0000000746500000, 0x0000000746600000, 0x0000000746600000|100%| E|CS|TAMS 0x0000000746500000, 0x0000000746500000| Complete 
| 102|0x0000000746600000, 0x0000000746700000, 0x0000000746700000|100%| E|CS|TAMS 0x0000000746600000, 0x0000000746600000| Complete 
| 103|0x0000000746700000, 0x0000000746800000, 0x0000000746800000|100%| E|CS|TAMS 0x0000000746700000, 0x0000000746700000| Complete 
| 104|0x0000000746800000, 0x0000000746900000, 0x0000000746900000|100%| E|CS|TAMS 0x0000000746800000, 0x0000000746800000| Complete 
| 105|0x0000000746900000, 0x0000000746a00000, 0x0000000746a00000|100%| E|CS|TAMS 0x0000000746900000, 0x0000000746900000| Complete 
| 106|0x0000000746a00000, 0x0000000746b00000, 0x0000000746b00000|100%| E|CS|TAMS 0x0000000746a00000, 0x0000000746a00000| Complete 
| 107|0x0000000746b00000, 0x0000000746c00000, 0x0000000746c00000|100%| E|CS|TAMS 0x0000000746b00000, 0x0000000746b00000| Complete 
| 108|0x0000000746c00000, 0x0000000746d00000, 0x0000000746d00000|100%| E|CS|TAMS 0x0000000746c00000, 0x0000000746c00000| Complete 
| 109|0x0000000746d00000, 0x0000000746e00000, 0x0000000746e00000|100%| E|CS|TAMS 0x0000000746d00000, 0x0000000746d00000| Complete 
| 110|0x0000000746e00000, 0x0000000746f00000, 0x0000000746f00000|100%| E|CS|TAMS 0x0000000746e00000, 0x0000000746e00000| Complete 
| 111|0x0000000746f00000, 0x0000000747000000, 0x0000000747000000|100%| E|CS|TAMS 0x0000000746f00000, 0x0000000746f00000| Complete 
| 112|0x0000000747000000, 0x0000000747100000, 0x0000000747100000|100%| E|CS|TAMS 0x0000000747000000, 0x0000000747000000| Complete 
| 113|0x0000000747100000, 0x0000000747200000, 0x0000000747200000|100%| E|CS|TAMS 0x0000000747100000, 0x0000000747100000| Complete 
| 114|0x0000000747200000, 0x0000000747300000, 0x0000000747300000|100%| E|CS|TAMS 0x0000000747200000, 0x0000000747200000| Complete 
| 115|0x0000000747300000, 0x0000000747400000, 0x0000000747400000|100%| E|CS|TAMS 0x0000000747300000, 0x0000000747300000| Complete 
| 116|0x0000000747400000, 0x0000000747500000, 0x0000000747500000|100%| E|CS|TAMS 0x0000000747400000, 0x0000000747400000| Complete 
| 117|0x0000000747500000, 0x000000074755fe80, 0x0000000747600000| 37%| S|CS|TAMS 0x0000000747500000, 0x0000000747500000| Complete 
| 118|0x0000000747600000, 0x0000000747700000, 0x0000000747700000|100%| S|CS|TAMS 0x0000000747600000, 0x0000000747600000| Complete 
| 119|0x0000000747700000, 0x0000000747800000, 0x0000000747800000|100%| S|CS|TAMS 0x0000000747700000, 0x0000000747700000| Complete 
| 120|0x0000000747800000, 0x0000000747900000, 0x0000000747900000|100%| S|CS|TAMS 0x0000000747800000, 0x0000000747800000| Complete 
| 121|0x0000000747900000, 0x0000000747a00000, 0x0000000747a00000|100%| S|CS|TAMS 0x0000000747900000, 0x0000000747900000| Complete 
| 122|0x0000000747a00000, 0x0000000747b00000, 0x0000000747b00000|100%| S|CS|TAMS 0x0000000747a00000, 0x0000000747a00000| Complete 
| 123|0x0000000747b00000, 0x0000000747c00000, 0x0000000747c00000|100%| E|CS|TAMS 0x0000000747b00000, 0x0000000747b00000| Complete 
| 124|0x0000000747c00000, 0x0000000747d00000, 0x0000000747d00000|100%| E|CS|TAMS 0x0000000747c00000, 0x0000000747c00000| Complete 
| 125|0x0000000747d00000, 0x0000000747e00000, 0x0000000747e00000|100%| E|CS|TAMS 0x0000000747d00000, 0x0000000747d00000| Complete 
| 126|0x0000000747e00000, 0x0000000747f00000, 0x0000000747f00000|100%| E|CS|TAMS 0x0000000747e00000, 0x0000000747e00000| Complete 
| 127|0x0000000747f00000, 0x0000000748000000, 0x0000000748000000|100%| E|CS|TAMS 0x0000000747f00000, 0x0000000747f00000| Complete 
| 128|0x0000000748000000, 0x0000000748100000, 0x0000000748100000|100%| E|CS|TAMS 0x0000000748000000, 0x0000000748000000| Complete 
| 129|0x0000000748100000, 0x0000000748200000, 0x0000000748200000|100%| E|CS|TAMS 0x0000000748100000, 0x0000000748100000| Complete 
| 130|0x0000000748200000, 0x0000000748300000, 0x0000000748300000|100%| E|CS|TAMS 0x0000000748200000, 0x0000000748200000| Complete 
| 131|0x0000000748300000, 0x0000000748400000, 0x0000000748400000|100%| E|CS|TAMS 0x0000000748300000, 0x0000000748300000| Complete 
| 132|0x0000000748400000, 0x0000000748500000, 0x0000000748500000|100%| E|CS|TAMS 0x0000000748400000, 0x0000000748400000| Complete 
| 133|0x0000000748500000, 0x0000000748600000, 0x0000000748600000|100%| E|CS|TAMS 0x0000000748500000, 0x0000000748500000| Complete 
| 134|0x0000000748600000, 0x0000000748700000, 0x0000000748700000|100%| E|CS|TAMS 0x0000000748600000, 0x0000000748600000| Complete 
| 135|0x0000000748700000, 0x0000000748800000, 0x0000000748800000|100%| E|CS|TAMS 0x0000000748700000, 0x0000000748700000| Complete 
| 136|0x0000000748800000, 0x0000000748900000, 0x0000000748900000|100%| E|CS|TAMS 0x0000000748800000, 0x0000000748800000| Complete 
| 137|0x0000000748900000, 0x0000000748a00000, 0x0000000748a00000|100%| E|CS|TAMS 0x0000000748900000, 0x0000000748900000| Complete 
| 138|0x0000000748a00000, 0x0000000748b00000, 0x0000000748b00000|100%| E|CS|TAMS 0x0000000748a00000, 0x0000000748a00000| Complete 
| 139|0x0000000748b00000, 0x0000000748c00000, 0x0000000748c00000|100%| E|CS|TAMS 0x0000000748b00000, 0x0000000748b00000| Complete 
| 140|0x0000000748c00000, 0x0000000748d00000, 0x0000000748d00000|100%| E|CS|TAMS 0x0000000748c00000, 0x0000000748c00000| Complete 
| 141|0x0000000748d00000, 0x0000000748e00000, 0x0000000748e00000|100%| E|CS|TAMS 0x0000000748d00000, 0x0000000748d00000| Complete 
| 142|0x0000000748e00000, 0x0000000748f00000, 0x0000000748f00000|100%| E|CS|TAMS 0x0000000748e00000, 0x0000000748e00000| Complete 
| 143|0x0000000748f00000, 0x0000000749000000, 0x0000000749000000|100%| E|CS|TAMS 0x0000000748f00000, 0x0000000748f00000| Complete 
| 144|0x0000000749000000, 0x0000000749100000, 0x0000000749100000|100%| E|CS|TAMS 0x0000000749000000, 0x0000000749000000| Complete 
| 145|0x0000000749100000, 0x0000000749200000, 0x0000000749200000|100%| E|CS|TAMS 0x0000000749100000, 0x0000000749100000| Complete 
| 146|0x0000000749200000, 0x0000000749300000, 0x0000000749300000|100%| E|CS|TAMS 0x0000000749200000, 0x0000000749200000| Complete 
| 147|0x0000000749300000, 0x0000000749400000, 0x0000000749400000|100%| E|CS|TAMS 0x0000000749300000, 0x0000000749300000| Complete 
| 148|0x0000000749400000, 0x0000000749500000, 0x0000000749500000|100%| E|CS|TAMS 0x0000000749400000, 0x0000000749400000| Complete 
| 149|0x0000000749500000, 0x0000000749600000, 0x0000000749600000|100%| E|CS|TAMS 0x0000000749500000, 0x0000000749500000| Complete 
| 150|0x0000000749600000, 0x0000000749700000, 0x0000000749700000|100%| E|CS|TAMS 0x0000000749600000, 0x0000000749600000| Complete 
| 151|0x0000000749700000, 0x0000000749800000, 0x0000000749800000|100%| E|CS|TAMS 0x0000000749700000, 0x0000000749700000| Complete 
| 152|0x0000000749800000, 0x0000000749900000, 0x0000000749900000|100%| E|CS|TAMS 0x0000000749800000, 0x0000000749800000| Complete 
| 153|0x0000000749900000, 0x0000000749a00000, 0x0000000749a00000|100%| E|CS|TAMS 0x0000000749900000, 0x0000000749900000| Complete 

Card table byte_map: [0x0000000101008000,0x0000000101408000] _byte_map_base: 0x00000000fd608000

Marking Bits (Prev, Next): (CMBitMap*) 0x000000014382b018, (CMBitMap*) 0x000000014382b050
 Prev Bits: [0x000000011a41c000, 0x000000011c41c000)
 Next Bits: [0x000000011c41c000, 0x000000011e41c000)

Polling page: 0x0000000100774000

Metaspace:

Usage:
  Non-class:     38.41 MB capacity,    37.51 MB ( 98%) used,   754.04 KB (  2%) free+waste,   163.56 KB ( <1%) overhead. 
      Class:      6.23 MB capacity,     5.64 MB ( 91%) used,   515.58 KB (  8%) free+waste,    84.81 KB (  1%) overhead. 
       Both:     44.64 MB capacity,    43.15 MB ( 97%) used,     1.24 MB (  3%) free+waste,   248.38 KB ( <1%) overhead. 

Virtual space:
  Non-class space:       40.00 MB reserved,      38.50 MB ( 96%) committed 
      Class space:        1.00 GB reserved,       6.25 MB ( <1%) committed 
             Both:        1.04 GB reserved,      44.75 MB (  4%) committed 

Chunk freelists:
   Non-Class:  29.00 KB
       Class:  23.00 KB
        Both:  52.00 KB

MaxMetaspaceSize: unlimited
CompressedClassSpaceSize: 1.00 GB
Initial GC threshold: 20.80 MB
Current GC threshold: 58.55 MB
CDS: off

CodeHeap 'non-profiled nmethods': size=238384Kb used=6462Kb max_used=6462Kb free=231921Kb
 bounds [0x000000010b750000, 0x000000010bda0000, 0x000000011a01c000]
CodeHeap 'non-nmethods': size=7376Kb used=1214Kb max_used=1214Kb free=6161Kb
 bounds [0x000000010b01c000, 0x000000010b28c000, 0x000000010b750000]
 total_blobs=4289 nmethods=3755 adapters=465
 compilation: enabled
              stopped_count=0, restarted_count=0
 full_count=0

Compilation events (20 events):
Event: 2.964 Thread 0x0000000144816800 3901       1       java.lang.Integer::compareTo (9 bytes)
Event: 2.964 Thread 0x0000000144816800 nmethod 3901 0x000000010bd9c790 code [0x000000010bd9c900, 0x000000010bd9cad0]
Event: 2.964 Thread 0x0000000144816800 3902       1       java.lang.Integer::compareTo (12 bytes)
Event: 2.964 Thread 0x0000000144816800 nmethod 3902 0x000000010bd9cb90 code [0x000000010bd9cd00, 0x000000010bd9ce90]
Event: 2.964 Thread 0x0000000144816800 3900       1       com.mysql.cj.CharsetMapping::getStaticMysqlCharsetByName (13 bytes)
Event: 2.964 Thread 0x0000000144816800 nmethod 3900 0x000000010bd9cf10 code [0x000000010bd9d0c0, 0x000000010bd9d240]
Event: 2.972 Thread 0x0000000144816800 3904       1       com.mysql.cj.protocol.a.NativePacketPayload::getPosition (5 bytes)
Event: 2.972 Thread 0x0000000144816800 nmethod 3904 0x000000010bd9d310 code [0x000000010bd9d480, 0x000000010bd9d5d0]
Event: 2.972 Thread 0x0000000144816800 3905       1       com.mysql.cj.protocol.a.NativePacketPayload::getByteBuffer (5 bytes)
Event: 2.972 Thread 0x0000000144816800 nmethod 3905 0x000000010bd9d690 code [0x000000010bd9d800, 0x000000010bd9d950]
Event: 2.972 Thread 0x0000000144816800 3906       1       com.mysql.cj.protocol.a.NativePacketPayload::setPosition (6 bytes)
Event: 2.972 Thread 0x0000000144816800 nmethod 3906 0x000000010bd9da10 code [0x000000010bd9db80, 0x000000010bd9dcd0]
Event: 2.972 Thread 0x0000000144816800 3907       1       com.mysql.cj.protocol.a.NativePacketPayload::readInteger (662 bytes)
Event: 2.973 Thread 0x0000000144816800 nmethod 3907 0x000000010bd9dd90 code [0x000000010bd9dfc0, 0x000000010bd9ea60]
Event: 2.975 Thread 0x0000000144816800 3908       1       com.mysql.cj.conf.AbstractRuntimeProperty::getValue (5 bytes)
Event: 2.975 Thread 0x0000000144816800 nmethod 3908 0x000000010bd9ef10 code [0x000000010bd9f080, 0x000000010bd9f1d0]
Event: 2.980 Thread 0x0000000144816800 3910       1       java.util.Calendar::internalGet (7 bytes)
Event: 2.980 Thread 0x0000000144816800 nmethod 3910 0x000000010bd9f290 code [0x000000010bd9f400, 0x000000010bd9f590]
Event: 2.980 Thread 0x0000000144816800 3911       1       java.lang.ThreadLocal::set (30 bytes)
Event: 2.981 Thread 0x0000000144816800 nmethod 3911 0x000000010bd9f610 code [0x000000010bd9f7c0, 0x000000010bd9fa20]

GC Heap History (14 events):
Event: 1.353 GC heap before
{Heap before GC invocations=0 (full 0):
 garbage-first heap   total 131072K, used 24576K [0x0000000740000000, 0x00000007c0000000)
  region size 1024K, 24 young (24576K), 0 survivors (0K)
 Metaspace       used 13841K, capacity 14168K, committed 14464K, reserved 1062912K
  class space    used 1470K, capacity 1614K, committed 1664K, reserved 1048576K
}
Event: 1.371 GC heap after
{Heap after GC invocations=1 (full 0):
 garbage-first heap   total 131072K, used 7381K [0x0000000740000000, 0x00000007c0000000)
  region size 1024K, 3 young (3072K), 3 survivors (3072K)
 Metaspace       used 13841K, capacity 14168K, committed 14464K, reserved 1062912K
  class space    used 1470K, capacity 1614K, committed 1664K, reserved 1048576K
}
Event: 1.632 GC heap before
{Heap before GC invocations=1 (full 0):
 garbage-first heap   total 131072K, used 41173K [0x0000000740000000, 0x00000007c0000000)
  region size 1024K, 36 young (36864K), 3 survivors (3072K)
 Metaspace       used 18512K, capacity 19085K, committed 19328K, reserved 1067008K
  class space    used 2135K, capacity 2379K, committed 2432K, reserved 1048576K
}
Event: 1.638 GC heap after
{Heap after GC invocations=2 (full 0):
 garbage-first heap   total 131072K, used 9210K [0x0000000740000000, 0x00000007c0000000)
  region size 1024K, 2 young (2048K), 2 survivors (2048K)
 Metaspace       used 18512K, capacity 19085K, committed 19328K, reserved 1067008K
  class space    used 2135K, capacity 2379K, committed 2432K, reserved 1048576K
}
Event: 1.732 GC heap before
{Heap before GC invocations=2 (full 0):
 garbage-first heap   total 131072K, used 19450K [0x0000000740000000, 0x00000007c0000000)
  region size 1024K, 14 young (14336K), 2 survivors (2048K)
 Metaspace       used 20505K, capacity 21122K, committed 21248K, reserved 1067008K
  class space    used 2403K, capacity 2709K, committed 2816K, reserved 1048576K
}
Event: 1.736 GC heap after
{Heap after GC invocations=3 (full 0):
 garbage-first heap   total 131072K, used 9623K [0x0000000740000000, 0x00000007c0000000)
  region size 1024K, 2 young (2048K), 2 survivors (2048K)
 Metaspace       used 20505K, capacity 21122K, committed 21248K, reserved 1067008K
  class space    used 2403K, capacity 2709K, committed 2816K, reserved 1048576K
}
Event: 1.886 GC heap before
{Heap before GC invocations=4 (full 0):
 garbage-first heap   total 131072K, used 56727K [0x0000000740000000, 0x00000007c0000000)
  region size 1024K, 49 young (50176K), 2 survivors (2048K)
 Metaspace       used 24658K, capacity 25476K, committed 25728K, reserved 1071104K
  class space    used 3090K, capacity 3438K, committed 3456K, reserved 1048576K
}
Event: 1.896 GC heap after
{Heap after GC invocations=5 (full 0):
 garbage-first heap   total 131072K, used 11005K [0x0000000740000000, 0x00000007c0000000)
  region size 1024K, 4 young (4096K), 4 survivors (4096K)
 Metaspace       used 24658K, capacity 25476K, committed 25728K, reserved 1071104K
  class space    used 3090K, capacity 3438K, committed 3456K, reserved 1048576K
}
Event: 2.203 GC heap before
{Heap before GC invocations=5 (full 0):
 garbage-first heap   total 131072K, used 68349K [0x0000000740000000, 0x00000007c0000000)
  region size 1024K, 61 young (62464K), 4 survivors (4096K)
 Metaspace       used 28556K, capacity 29548K, committed 29696K, reserved 1075200K
  class space    used 3576K, capacity 3993K, committed 4096K, reserved 1048576K
}
Event: 2.206 GC heap after
{Heap after GC invocations=6 (full 0):
 garbage-first heap   total 131072K, used 13120K [0x0000000740000000, 0x00000007c0000000)
  region size 1024K, 6 young (6144K), 6 survivors (6144K)
 Metaspace       used 28556K, capacity 29548K, committed 29696K, reserved 1075200K
  class space    used 3576K, capacity 3993K, committed 4096K, reserved 1048576K
}
Event: 2.570 GC heap before
{Heap before GC invocations=6 (full 0):
 garbage-first heap   total 131072K, used 84800K [0x0000000740000000, 0x00000007c0000000)
  region size 1024K, 76 young (77824K), 6 survivors (6144K)
 Metaspace       used 34128K, capacity 35250K, committed 35328K, reserved 1079296K
  class space    used 4382K, capacity 4860K, committed 4864K, reserved 1048576K
}
Event: 2.576 GC heap after
{Heap after GC invocations=7 (full 0):
 garbage-first heap   total 131072K, used 15635K [0x0000000740000000, 0x00000007c0000000)
  region size 1024K, 7 young (7168K), 7 survivors (7168K)
 Metaspace       used 34128K, capacity 35250K, committed 35328K, reserved 1079296K
  class space    used 4382K, capacity 4860K, committed 4864K, reserved 1048576K
}
Event: 2.596 GC heap before
{Heap before GC invocations=7 (full 0):
 garbage-first heap   total 131072K, used 19731K [0x0000000740000000, 0x00000007c0000000)
  region size 1024K, 12 young (12288K), 7 survivors (7168K)
 Metaspace       used 34481K, capacity 35763K, committed 35840K, reserved 1081344K
  class space    used 4459K, capacity 4992K, committed 4992K, reserved 1048576K
}
Event: 2.601 GC heap after
{Heap after GC invocations=8 (full 0):
 garbage-first heap   total 157696K, used 16268K [0x0000000740000000, 0x00000007c0000000)
  region size 1024K, 6 young (6144K), 6 survivors (6144K)
 Metaspace       used 34481K, capacity 35763K, committed 35840K, reserved 1081344K
  class space    used 4459K, capacity 4992K, committed 4992K, reserved 1048576K
}

Deoptimization events (20 events):
Event: 1.857 Thread 0x0000000146a1c000 DEOPT PACKING pc=0x000000010b94dbec sp=0x0000000172de9b50
Event: 1.857 Thread 0x0000000146a1c000 DEOPT UNPACKING pc=0x000000010b05127c sp=0x0000000172de99a0 mode 3
Event: 1.879 Thread 0x0000000146a1c000 DEOPT PACKING pc=0x000000010b7cd23c sp=0x0000000172de9510
Event: 1.879 Thread 0x0000000146a1c000 DEOPT UNPACKING pc=0x000000010b05127c sp=0x0000000172de9330 mode 3
Event: 2.139 Thread 0x0000000143a12800 DEOPT PACKING pc=0x000000010baf254c sp=0x00000001727c44f0
Event: 2.139 Thread 0x0000000143a12800 DEOPT UNPACKING pc=0x000000010b05127c sp=0x00000001727c4380 mode 3
Event: 2.262 Thread 0x0000000143a12800 DEOPT PACKING pc=0x000000010ba24bd4 sp=0x00000001727c4080
Event: 2.262 Thread 0x0000000143a12800 DEOPT UNPACKING pc=0x000000010b05127c sp=0x00000001727c3e80 mode 3
Event: 2.342 Thread 0x0000000143a12800 DEOPT PACKING pc=0x000000010ba2fdd0 sp=0x00000001727c48b0
Event: 2.342 Thread 0x0000000143a12800 DEOPT UNPACKING pc=0x000000010b05127c sp=0x00000001727c46b0 mode 3
Event: 2.343 Thread 0x0000000143a12800 DEOPT PACKING pc=0x000000010ba55870 sp=0x00000001727c4a70
Event: 2.343 Thread 0x0000000143a12800 DEOPT UNPACKING pc=0x000000010b05127c sp=0x00000001727c48e0 mode 0
Event: 2.525 Thread 0x0000000143a12800 DEOPT PACKING pc=0x000000010ba6badc sp=0x00000001727c3b50
Event: 2.525 Thread 0x0000000143a12800 DEOPT UNPACKING pc=0x000000010b05127c sp=0x00000001727c3950 mode 3
Event: 2.592 Thread 0x0000000143a12800 DEOPT PACKING pc=0x000000010b9711f0 sp=0x00000001727c3f40
Event: 2.592 Thread 0x0000000143a12800 DEOPT UNPACKING pc=0x000000010b05127c sp=0x00000001727c3dc0 mode 3
Event: 2.778 Thread 0x0000000143a12800 DEOPT PACKING pc=0x000000010bc1231c sp=0x00000001727c4790
Event: 2.778 Thread 0x0000000143a12800 DEOPT UNPACKING pc=0x000000010b05127c sp=0x00000001727c45d0 mode 3
Event: 2.981 Thread 0x0000000143a12800 DEOPT PACKING pc=0x000000010b96ad2c sp=0x00000001727c2800
Event: 2.981 Thread 0x0000000143a12800 DEOPT UNPACKING pc=0x000000010b05127c sp=0x00000001727c25e0 mode 3

Classes redefined (0 events):
No events

Internal exceptions (20 events):
Event: 2.519 Thread 0x0000000143a12800 Exception <a 'java/lang/ClassNotFoundException'{0x000000074434dac0}: org/springframework/beans/factory/BeanClassLoaderAwareCustomizer> (0x000000074434dac0) thrown at [src/hotspot/share/classfile/systemDictionary.cpp, line 230]
Event: 2.519 Thread 0x0000000143a12800 Exception <a 'java/lang/ClassNotFoundException'{0x0000000744360f40}: org/springframework/beans/factory/AwareCustomizer> (0x0000000744360f40) thrown at [src/hotspot/share/classfile/systemDictionary.cpp, line 230]
Event: 2.519 Thread 0x0000000143a12800 Exception <a 'java/lang/ClassNotFoundException'{0x0000000744375eb8}: org/springframework/aop/framework/AopInfrastructureBeanCustomizer> (0x0000000744375eb8) thrown at [src/hotspot/share/classfile/systemDictionary.cpp, line 230]
Event: 2.526 Thread 0x0000000143a12800 Exception <a 'java/lang/ClassNotFoundException'{0x0000000743c9d008}: java/lang/ObjectCustomizer> (0x0000000743c9d008) thrown at [src/hotspot/share/classfile/systemDictionary.cpp, line 230]
Event: 2.526 Thread 0x0000000143a12800 Exception <a 'java/lang/ClassNotFoundException'{0x0000000743cba8b8}: org/springframework/transaction/annotation/AbstractTransactionManagementConfigurationCustomizer> (0x0000000743cba8b8) thrown at [src/hotspot/share/classfile/systemDictionary.cpp, line 230]
Event: 2.527 Thread 0x0000000143a12800 Exception <a 'java/lang/ClassNotFoundException'{0x0000000743cd6840}: org/springframework/transaction/annotation/ProxyTransactionManagementConfigurationCustomizer> (0x0000000743cd6840) thrown at [src/hotspot/share/classfile/systemDictionary.cpp, line 230]
Event: 2.527 Thread 0x0000000143a12800 Exception <a 'java/lang/ClassNotFoundException'{0x0000000743cef740}: org/springframework/context/annotation/ImportAwareCustomizer> (0x0000000743cef740) thrown at [src/hotspot/share/classfile/systemDictionary.cpp, line 230]
Event: 2.527 Thread 0x0000000143a12800 Exception <a 'java/lang/ClassNotFoundException'{0x0000000743b04040}: org/springframework/beans/factory/AwareCustomizer> (0x0000000743b04040) thrown at [src/hotspot/share/classfile/systemDictionary.cpp, line 230]
Event: 2.540 Thread 0x0000000143a12800 Exception <a 'java/lang/NoSuchMethodError'{0x00000007438dcb20}: 'java.lang.Object java.lang.invoke.DirectMethodHandle$Holder.invokeSpecialIFC(java.lang.Object, java.lang.Object, java.lang.Object)'> (0x00000007438dcb20) thrown at [src/hotspot/share/interpreter/linkResolver.cpp, line 773]
Event: 2.581 Thread 0x0000000143a12800 Exception <a 'java/lang/NoSuchMethodError'{0x0000000747e481a8}: 'void java.lang.invoke.DelegatingMethodHandle$Holder.delegate(java.lang.Object, java.lang.Object, int, java.lang.Object)'> (0x0000000747e481a8) thrown at [src/hotspot/share/interpreter/linkResolver.cpp, line 773]
Event: 2.592 Thread 0x0000000143a12800 Exception <a 'java/lang/NoSuchMethodError'{0x0000000747c31d48}: 'void java.lang.invoke.DirectMethodHandle$Holder.invokeInterface(java.lang.Object, java.lang.Object, int)'> (0x0000000747c31d48) thrown at [src/hotspot/share/interpreter/linkResolver.cpp, line 773]
Event: 2.592 Thread 0x0000000143a12800 Exception <a 'java/lang/NoSuchMethodError'{0x0000000747c49e00}: 'int java.lang.invoke.DirectMethodHandle$Holder.invokeVirtual(java.lang.Object, java.lang.Object)'> (0x0000000747c49e00) thrown at [src/hotspot/share/interpreter/linkResolver.cpp, line 773]
Event: 2.593 Thread 0x0000000143a12800 Exception <a 'java/lang/IncompatibleClassChangeError'{0x0000000747c7f9e0}: Found class java.lang.Object, but interface was expected> (0x0000000747c7f9e0) thrown at [src/hotspot/share/interpreter/linkResolver.cpp, line 839]
Event: 2.593 Thread 0x0000000143a12800 Exception <a 'java/lang/NoSuchMethodError'{0x0000000747c84c90}: 'void java.lang.invoke.DirectMethodHandle$Holder.invokeStatic(java.lang.Object, int, java.lang.Object)'> (0x0000000747c84c90) thrown at [src/hotspot/share/interpreter/linkResolver.cpp, line 773]
Event: 2.699 Thread 0x0000000146af5000 Exception <a 'java/lang/reflect/InvocationTargetException'{0x000000074886c118}> (0x000000074886c118) thrown at [src/hotspot/share/runtime/reflection.cpp, line 1247]
Event: 2.717 Thread 0x0000000143a12800 Exception <a 'java/io/FileNotFoundException'{0x000000074845f498}> (0x000000074845f498) thrown at [src/hotspot/share/prims/jni.cpp, line 616]
Event: 2.721 Thread 0x0000000143a12800 Exception <a 'java/lang/NoSuchMethodError'{0x00000007483fef38}: 'int java.lang.invoke.DirectMethodHandle$Holder.invokeInterface(java.lang.Object, java.lang.Object, java.lang.Object, java.lang.Object)'> (0x00000007483fef38) thrown at [src/hotspot/share/interpreter/linkResolver.cpp, line 773]
Event: 2.742 Thread 0x0000000143a12800 Exception <a 'java/lang/NoSuchMethodError'{0x0000000747fd91a8}: <clinit>> (0x0000000747fd91a8) thrown at [src/hotspot/share/prims/jni.cpp, line 1366]
Event: 2.743 Thread 0x0000000143a12800 Exception <a 'java/lang/NoSuchMethodError'{0x0000000747e40040}: <clinit>> (0x0000000747e40040) thrown at [src/hotspot/share/prims/jni.cpp, line 1366]
Event: 2.745 Thread 0x0000000143a12800 Exception <a 'java/lang/NoSuchMethodError'{0x0000000747e9f7a0}: <clinit>> (0x0000000747e9f7a0) thrown at [src/hotspot/share/prims/jni.cpp, line 1366]

Events (20 events):
Event: 2.980 loading class com/zaxxer/hikari/pool/PoolBase$IMetricsTrackerDelegate
Event: 2.980 loading class com/zaxxer/hikari/pool/PoolBase$IMetricsTrackerDelegate done
Event: 2.980 loading class java/util/concurrent/ThreadPoolExecutor$DiscardOldestPolicy
Event: 2.980 loading class java/util/concurrent/ThreadPoolExecutor$DiscardOldestPolicy done
Event: 2.980 loading class java/util/concurrent/ThreadPoolExecutor$CallerRunsPolicy
Event: 2.980 loading class java/util/concurrent/ThreadPoolExecutor$CallerRunsPolicy done
Event: 2.980 loading class com/zaxxer/hikari/pool/ProxyLeakTaskFactory
Event: 2.980 loading class com/zaxxer/hikari/pool/ProxyLeakTaskFactory done
Event: 2.980 loading class com/zaxxer/hikari/pool/HikariPool$HouseKeeper
Event: 2.980 loading class com/zaxxer/hikari/pool/HikariPool$HouseKeeper done
Event: 2.980 loading class com/zaxxer/hikari/pool/ProxyLeakTask
Event: 2.980 loading class com/zaxxer/hikari/pool/ProxyLeakTask done
Event: 2.981 loading class com/zaxxer/hikari/pool/ProxyLeakTask$1
Event: 2.981 loading class com/zaxxer/hikari/pool/ProxyLeakTask$1 done
Event: 2.981 loading class com/zaxxer/hikari/pool/ProxyFactory
Event: 2.981 loading class com/zaxxer/hikari/pool/ProxyFactory done
Event: 2.981 loading class com/zaxxer/hikari/pool/HikariProxyConnection
Event: 2.981 loading class com/zaxxer/hikari/pool/HikariProxyConnection done
Event: 2.981 loading class com/zaxxer/hikari/pool/ProxyConnection
Event: 2.981 loading class com/zaxxer/hikari/pool/ProxyConnection done


Dynamic libraries:
0x0000000100720000 	/Users/ranchayasambath/Library/Java/JavaVirtualMachines/liberica-11.0.14.1/lib/jli/libjli.dylib
0x00000001cfb26000 	/System/Library/Frameworks/Cocoa.framework/Versions/A/Cocoa
0x00000001bbd72000 	/System/Library/Frameworks/AppKit.framework/Versions/C/AppKit
0x00000001bf278000 	/System/Library/Frameworks/CoreData.framework/Versions/A/CoreData
0x00000001ba0cd000 	/System/Library/Frameworks/Foundation.framework/Versions/C/Foundation
0x00000001c3ccf000 	/usr/lib/libSystem.B.dylib
0x00000001bcc2a000 	/System/Library/PrivateFrameworks/UIFoundation.framework/Versions/A/UIFoundation
0x00000001c9d07000 	/System/Library/PrivateFrameworks/RemoteViewServices.framework/Versions/A/RemoteViewServices
0x00000001c218d000 	/System/Library/PrivateFrameworks/XCTTargetBootstrap.framework/Versions/A/XCTTargetBootstrap
0x00000001c5a0b000 	/System/Library/PrivateFrameworks/InternationalSupport.framework/Versions/A/InternationalSupport
0x00000001c5a94000 	/System/Library/PrivateFrameworks/UserActivity.framework/Versions/A/UserActivity
0x00000001c4f06000 	/usr/lib/libspindump.dylib
0x00000001bce9b000 	/System/Library/Frameworks/UniformTypeIdentifiers.framework/Versions/A/UniformTypeIdentifiers
0x00000001c06d8000 	/usr/lib/libapp_launch_measurement.dylib
0x00000001bfc02000 	/System/Library/PrivateFrameworks/CoreAnalytics.framework/Versions/A/CoreAnalytics
0x00000001c06db000 	/System/Library/PrivateFrameworks/CoreAutoLayout.framework/Versions/A/CoreAutoLayout
0x00000001c1a7e000 	/System/Library/Frameworks/Metal.framework/Versions/A/Metal
0x00000001c27f5000 	/usr/lib/liblangid.dylib
0x00000001c2192000 	/System/Library/PrivateFrameworks/CoreSVG.framework/Versions/A/CoreSVG
0x00000001be32c000 	/System/Library/PrivateFrameworks/SkyLight.framework/Versions/A/SkyLight
0x00000001be701000 	/System/Library/Frameworks/CoreGraphics.framework/Versions/A/CoreGraphics
0x00000001ca3d3000 	/System/Library/Frameworks/Accelerate.framework/Versions/A/Accelerate
0x00000001c497d000 	/System/Library/PrivateFrameworks/IconServices.framework/Versions/A/IconServices
0x00000001c1a60000 	/System/Library/Frameworks/IOSurface.framework/Versions/A/IOSurface
0x00000001bfc33000 	/usr/lib/libDiagnosticMessagesClient.dylib
0x00000001c3c18000 	/usr/lib/libz.1.dylib
0x00000001cd8d4000 	/System/Library/Frameworks/ApplicationServices.framework/Versions/A/ApplicationServices
0x00000001c2175000 	/System/Library/PrivateFrameworks/DFRFoundation.framework/Versions/A/DFRFoundation
0x00000001bb602000 	/usr/lib/libicucore.A.dylib
0x00000001c68b7000 	/System/Library/Frameworks/AudioToolbox.framework/Versions/A/AudioToolbox
0x00000001c5a17000 	/System/Library/PrivateFrameworks/DataDetectorsCore.framework/Versions/A/DataDetectorsCore
0x00000001dc357000 	/System/Library/PrivateFrameworks/TextInput.framework/Versions/A/TextInput
0x00000001be2a1000 	/usr/lib/libMobileGestalt.dylib
0x00000001c1e41000 	/System/Library/Frameworks/Carbon.framework/Versions/A/Frameworks/HIToolbox.framework/Versions/A/HIToolbox
0x00000001c00b4000 	/System/Library/Frameworks/QuartzCore.framework/Versions/A/QuartzCore
0x00000001bb285000 	/System/Library/Frameworks/Security.framework/Versions/A/Security
0x00000001c9d47000 	/System/Library/Frameworks/Carbon.framework/Versions/A/Frameworks/SpeechRecognition.framework/Versions/A/SpeechRecognition
0x00000001c042e000 	/System/Library/PrivateFrameworks/CoreUI.framework/Versions/A/CoreUI
0x00000001bab62000 	/System/Library/Frameworks/CoreAudio.framework/Versions/A/CoreAudio
0x00000001bfd28000 	/System/Library/Frameworks/DiskArbitration.framework/Versions/A/DiskArbitration
0x00000001c5310000 	/System/Library/PrivateFrameworks/MultitouchSupport.framework/Versions/A/MultitouchSupport
0x00000001be29f000 	/usr/lib/libenergytrace.dylib
0x00000001bbc3a000 	/System/Library/Frameworks/IOKit.framework/Versions/A/IOKit
0x00000001ca136000 	/System/Library/Frameworks/CoreServices.framework/Versions/A/CoreServices
0x00000001c0668000 	/System/Library/PrivateFrameworks/PerformanceAnalysis.framework/Versions/A/PerformanceAnalysis
0x000000021a63f000 	/System/Library/Frameworks/OpenGL.framework/Versions/A/OpenGL
0x00000001c326f000 	/System/Library/PrivateFrameworks/MobileKeyBag.framework/Versions/A/MobileKeyBag
0x00000001b9009000 	/usr/lib/libobjc.A.dylib
0x00000001bed0e000 	/System/Library/Frameworks/ColorSync.framework/Versions/A/ColorSync
0x00000001b91d2000 	/System/Library/Frameworks/CoreFoundation.framework/Versions/A/CoreFoundation
0x00000001c2411000 	/System/Library/Frameworks/CoreImage.framework/Versions/A/CoreImage
0x00000001ba986000 	/System/Library/Frameworks/CoreText.framework/Versions/A/CoreText
0x00000001c21c2000 	/System/Library/Frameworks/ImageIO.framework/Versions/A/ImageIO
0x00000001c3cd5000 	/System/Library/PrivateFrameworks/SoftLinking.framework/Versions/A/SoftLinking
0x00000001c0726000 	/usr/lib/libxml2.2.dylib
0x00000001b90cc000 	/usr/lib/libc++.1.dylib
0x00000001c3f6e000 	/usr/lib/libcompression.dylib
0x00000001c5967000 	/System/Library/PrivateFrameworks/TextureIO.framework/Versions/A/TextureIO
0x00000001c4696000 	/usr/lib/libate.dylib
0x00000001c3cc9000 	/usr/lib/system/libcache.dylib
0x00000001c3c87000 	/usr/lib/system/libcommonCrypto.dylib
0x00000001c3cb0000 	/usr/lib/system/libcompiler_rt.dylib
0x00000001c3ca7000 	/usr/lib/system/libcopyfile.dylib
0x00000001b8f0f000 	/usr/lib/system/libcorecrypto.dylib
0x00000001b8fc2000 	/usr/lib/system/libdispatch.dylib
0x00000001b9190000 	/usr/lib/system/libdyld.dylib
0x00000001c3cbf000 	/usr/lib/system/libkeymgr.dylib
0x00000001c3c62000 	/usr/lib/system/libmacho.dylib
0x00000001c3357000 	/usr/lib/system/libquarantine.dylib
0x00000001c3cbc000 	/usr/lib/system/libremovefile.dylib
0x00000001be2f8000 	/usr/lib/system/libsystem_asl.dylib
0x00000001b8eb1000 	/usr/lib/system/libsystem_blocks.dylib
0x00000001b904a000 	/usr/lib/system/libsystem_c.dylib
0x00000001c3cb4000 	/usr/lib/system/libsystem_collections.dylib
0x00000001c27e5000 	/usr/lib/system/libsystem_configuration.dylib
0x00000001c1a41000 	/usr/lib/system/libsystem_containermanager.dylib
0x00000001c39c4000 	/usr/lib/system/libsystem_coreservices.dylib
0x00000001bb8b8000 	/usr/lib/system/libsystem_darwin.dylib
0x00000001c3cc0000 	/usr/lib/system/libsystem_dnssd.dylib
0x00000001b9047000 	/usr/lib/system/libsystem_featureflags.dylib
0x00000001b91a5000 	/usr/lib/system/libsystem_info.dylib
0x00000001c3c2a000 	/usr/lib/system/libsystem_m.dylib
0x00000001b8f97000 	/usr/lib/system/libsystem_malloc.dylib
0x00000001be287000 	/usr/lib/system/libsystem_networkextension.dylib
0x00000001bbd11000 	/usr/lib/system/libsystem_notify.dylib
0x00000001ca00d000 	/usr/lib/system/libsystem_product_info_filter.dylib
0x00000001c27ea000 	/usr/lib/system/libsystem_sandbox.dylib
0x00000001c3cb9000 	/usr/lib/system/libsystem_secinit.dylib
0x00000001b914b000 	/usr/lib/system/libsystem_kernel.dylib
0x00000001b919d000 	/usr/lib/system/libsystem_platform.dylib
0x00000001b9183000 	/usr/lib/system/libsystem_pthread.dylib
0x00000001bfa50000 	/usr/lib/system/libsystem_symptoms.dylib
0x00000001b8ef5000 	/usr/lib/system/libsystem_trace.dylib
0x00000001c3c94000 	/usr/lib/system/libunwind.dylib
0x00000001b8eb3000 	/usr/lib/system/libxpc.dylib
0x00000001b9133000 	/usr/lib/libc++abi.dylib
0x00000001c3c9f000 	/usr/lib/liboah.dylib
0x00000001c455b000 	/usr/lib/liblzma.5.dylib
0x00000001b9dc1000 	/System/Library/Frameworks/SystemConfiguration.framework/Versions/A/SystemConfiguration
0x00000001c3cd1000 	/usr/lib/libfakelink.dylib
0x00000001bddd3000 	/System/Library/Frameworks/CFNetwork.framework/Versions/A/CFNetwork
0x00000001c3e17000 	/usr/lib/libarchive.2.dylib
0x00000001c27f1000 	/System/Library/PrivateFrameworks/AppleSystemInfo.framework/Versions/A/AppleSystemInfo
0x00000001c3382000 	/usr/lib/libbsm.0.dylib
0x00000001bd344000 	/usr/lib/libnetwork.dylib
0x00000001c3c6b000 	/usr/lib/system/libkxld.dylib
0x00000001c2f95000 	/System/Library/PrivateFrameworks/IOMobileFramebuffer.framework/Versions/A/IOMobileFramebuffer
0x0000000237f6b000 	/usr/lib/libCoreEntitlements.dylib
0x00000001c39a6000 	/System/Library/PrivateFrameworks/AppleFSCompression.framework/Versions/A/AppleFSCompression
0x00000001c336a000 	/usr/lib/libcoretls.dylib
0x00000001c4574000 	/usr/lib/libcoretls_cfhelpers.dylib
0x00000001c3f69000 	/usr/lib/libpam.2.dylib
0x00000001bf667000 	/usr/lib/libsqlite3.dylib
0x00000001c45dd000 	/usr/lib/libxar.1.dylib
0x00000001c39b7000 	/usr/lib/libbz2.1.0.dylib
0x00000001c3cd6000 	/usr/lib/libpcap.A.dylib
0x00000001bfa47000 	/usr/lib/libdns_services.dylib
0x00000001c3f3c000 	/usr/lib/libapple_nghttp2.dylib
0x00000001c3d13000 	/usr/lib/libiconv.2.dylib
0x00000001c3c61000 	/usr/lib/libcharset.1.dylib
0x00000001c06a4000 	/System/Library/Frameworks/CoreServices.framework/Versions/A/Frameworks/FSEvents.framework/Versions/A/FSEvents
0x00000001bb8c3000 	/System/Library/Frameworks/CoreServices.framework/Versions/A/Frameworks/CarbonCore.framework/Versions/A/CarbonCore
0x00000001bfc88000 	/System/Library/Frameworks/CoreServices.framework/Versions/A/Frameworks/Metadata.framework/Versions/A/Metadata
0x00000001c39ca000 	/System/Library/Frameworks/CoreServices.framework/Versions/A/Frameworks/OSServices.framework/Versions/A/OSServices
0x00000001c3e9d000 	/System/Library/Frameworks/CoreServices.framework/Versions/A/Frameworks/SearchKit.framework/Versions/A/SearchKit
0x00000001bf9d6000 	/System/Library/Frameworks/CoreServices.framework/Versions/A/Frameworks/AE.framework/Versions/A/AE
0x00000001b9718000 	/System/Library/Frameworks/CoreServices.framework/Versions/A/Frameworks/LaunchServices.framework/Versions/A/LaunchServices
0x00000001c4504000 	/System/Library/Frameworks/CoreServices.framework/Versions/A/Frameworks/DictionaryServices.framework/Versions/A/DictionaryServices
0x00000001c06b1000 	/System/Library/Frameworks/CoreServices.framework/Versions/A/Frameworks/SharedFileList.framework/Versions/A/SharedFileList
0x00000001c335a000 	/usr/lib/libCheckFix.dylib
0x00000001be310000 	/System/Library/PrivateFrameworks/TCC.framework/Versions/A/TCC
0x00000001c27f7000 	/System/Library/PrivateFrameworks/CoreNLP.framework/Versions/A/CoreNLP
0x00000001bfc36000 	/System/Library/PrivateFrameworks/MetadataUtilities.framework/Versions/A/MetadataUtilities
0x00000001b9e7a000 	/usr/lib/libmecabra.dylib
0x00000001c3393000 	/usr/lib/libmecab.dylib
0x00000001b9e46000 	/usr/lib/libCRFSuite.dylib
0x00000001c33f0000 	/usr/lib/libgermantok.dylib
0x00000001c3f15000 	/usr/lib/libThaiTokenizer.dylib
0x00000001bfd30000 	/System/Library/Frameworks/Accelerate.framework/Versions/A/Frameworks/vImage.framework/Versions/A/vImage
0x00000001ca10d000 	/System/Library/Frameworks/Accelerate.framework/Versions/A/Frameworks/vecLib.framework/Versions/A/vecLib
0x00000001c4622000 	/System/Library/Frameworks/Accelerate.framework/Versions/A/Frameworks/vecLib.framework/Versions/A/libvMisc.dylib
0x00000001c2e9c000 	/System/Library/Frameworks/Accelerate.framework/Versions/A/Frameworks/vecLib.framework/Versions/A/libvDSP.dylib
0x00000001b9aa1000 	/System/Library/Frameworks/Accelerate.framework/Versions/A/Frameworks/vecLib.framework/Versions/A/libBLAS.dylib
0x00000001c403f000 	/System/Library/Frameworks/Accelerate.framework/Versions/A/Frameworks/vecLib.framework/Versions/A/libLAPACK.dylib
0x00000001c33f3000 	/System/Library/Frameworks/Accelerate.framework/Versions/A/Frameworks/vecLib.framework/Versions/A/libLinearAlgebra.dylib
0x00000001c3f54000 	/System/Library/Frameworks/Accelerate.framework/Versions/A/Frameworks/vecLib.framework/Versions/A/libSparseBLAS.dylib
0x00000001c403a000 	/System/Library/Frameworks/Accelerate.framework/Versions/A/Frameworks/vecLib.framework/Versions/A/libQuadrature.dylib
0x00000001c28f0000 	/System/Library/Frameworks/Accelerate.framework/Versions/A/Frameworks/vecLib.framework/Versions/A/libBNNS.dylib
0x00000001b9d5f000 	/System/Library/Frameworks/Accelerate.framework/Versions/A/Frameworks/vecLib.framework/Versions/A/libSparse.dylib
0x00000001c28e8000 	/System/Library/PrivateFrameworks/LinguisticData.framework/Versions/A/LinguisticData
0x00000001b9d17000 	/System/Library/PrivateFrameworks/Lexicon.framework/Versions/A/Lexicon
0x00000001c461a000 	/usr/lib/libChineseTokenizer.dylib
0x00000001ba4be000 	/System/Library/PrivateFrameworks/LanguageModeling.framework/Versions/A/LanguageModeling
0x00000001c3f17000 	/System/Library/PrivateFrameworks/AppleSauce.framework/Versions/A/AppleSauce
0x00000001c2f82000 	/System/Library/PrivateFrameworks/CoreEmoji.framework/Versions/A/CoreEmoji
0x00000001c3e05000 	/usr/lib/libcmph.dylib
0x00000001c0684000 	/System/Library/Frameworks/OpenDirectory.framework/Versions/A/Frameworks/CFOpenDirectory.framework/Versions/A/CFOpenDirectory
0x00000001c0674000 	/System/Library/Frameworks/OpenDirectory.framework/Versions/A/OpenDirectory
0x00000001c4576000 	/System/Library/PrivateFrameworks/APFS.framework/Versions/A/APFS
0x00000001c32aa000 	/System/Library/Frameworks/SecurityFoundation.framework/Versions/A/SecurityFoundation
0x00000001c45ec000 	/usr/lib/libutil.dylib
0x00000001bbbfc000 	/System/Library/PrivateFrameworks/CoreServicesStore.framework/Versions/A/CoreServicesStore
0x00000001c45f0000 	/usr/lib/libxslt.1.dylib
0x00000001c333e000 	/System/Library/PrivateFrameworks/BackgroundTaskManagement.framework/Versions/A/BackgroundTaskManagement
0x00000001c5888000 	/System/Library/Frameworks/ImageIO.framework/Versions/A/Resources/libRadiance.dylib
0x00000001c5891000 	/System/Library/Frameworks/ImageIO.framework/Versions/A/Resources/libJPEG.dylib
0x00000001c57e4000 	/System/Library/Frameworks/ImageIO.framework/Versions/A/Resources/libPng.dylib
0x00000001c5806000 	/System/Library/Frameworks/ImageIO.framework/Versions/A/Resources/libTIFF.dylib
0x00000001c58ec000 	/System/Library/Frameworks/ImageIO.framework/Versions/A/Resources/libGIF.dylib
0x00000001c5220000 	/System/Library/Frameworks/ImageIO.framework/Versions/A/Resources/libJP2.dylib
0x00000001c4942000 	/usr/lib/libexpat.1.dylib
0x00000001c51db000 	/System/Library/PrivateFrameworks/AppleJPEG.framework/Versions/A/AppleJPEG
0x00000001c1cfd000 	/System/Library/PrivateFrameworks/FontServices.framework/libFontParser.dylib
0x00000001bf97b000 	/System/Library/PrivateFrameworks/RunningBoardServices.framework/Versions/A/RunningBoardServices
0x00000001d01f9000 	/System/Library/PrivateFrameworks/IOSurfaceAccelerator.framework/Versions/A/IOSurfaceAccelerator
0x00000001c530c000 	/System/Library/PrivateFrameworks/WatchdogClient.framework/Versions/A/WatchdogClient
0x00000001ba5c2000 	/System/Library/Frameworks/CoreDisplay.framework/Versions/A/CoreDisplay
0x00000001c1be7000 	/System/Library/Frameworks/CoreMedia.framework/Versions/A/CoreMedia
0x00000001c1a74000 	/System/Library/PrivateFrameworks/IOAccelerator.framework/Versions/A/IOAccelerator
0x00000001c0814000 	/System/Library/Frameworks/CoreVideo.framework/Versions/A/CoreVideo
0x00000001c3f67000 	/System/Library/Frameworks/MetalPerformanceShaders.framework/Versions/A/MetalPerformanceShaders
0x00000001c534b000 	/System/Library/Frameworks/VideoToolbox.framework/Versions/A/VideoToolbox
0x00000001bf8bf000 	/System/Library/PrivateFrameworks/BaseBoard.framework/Versions/A/BaseBoard
0x00000001bf64d000 	/System/Library/PrivateFrameworks/ProtocolBuffer.framework/Versions/A/ProtocolBuffer
0x00000001c5883000 	/System/Library/PrivateFrameworks/GPUWrangler.framework/Versions/A/GPUWrangler
0x00000001c5863000 	/System/Library/PrivateFrameworks/IOPresentment.framework/Versions/A/IOPresentment
0x00000001c588b000 	/System/Library/PrivateFrameworks/DSExternalDisplay.framework/Versions/A/DSExternalDisplay
0x000000021a632000 	/System/Library/Frameworks/OpenGL.framework/Versions/A/Libraries/libCoreFSCache.dylib
0x0000000224af1000 	/System/Library/PrivateFrameworks/GPUCompiler.framework/Versions/31001/Libraries/libGPUCompilerUtils.dylib
0x00000001c58f1000 	/System/Library/PrivateFrameworks/CMCaptureCore.framework/Versions/A/CMCaptureCore
0x00000001c4ef3000 	/System/Library/PrivateFrameworks/AppServerSupport.framework/Versions/A/AppServerSupport
0x00000001c7174000 	/System/Library/PrivateFrameworks/perfdata.framework/Versions/A/perfdata
0x00000001ba6e2000 	/System/Library/PrivateFrameworks/AudioToolboxCore.framework/Versions/A/AudioToolboxCore
0x00000001c1bc0000 	/System/Library/PrivateFrameworks/caulk.framework/Versions/A/caulk
0x00000001c6a69000 	/usr/lib/libAudioStatistics.dylib
0x00000001d89be000 	/System/Library/PrivateFrameworks/SystemPolicy.framework/Versions/A/SystemPolicy
0x00000001c6cd5000 	/usr/lib/libSMC.dylib
0x00000001cfa08000 	/System/Library/Frameworks/CoreMIDI.framework/Versions/A/CoreMIDI
0x00000001c57b2000 	/usr/lib/libAudioToolboxUtility.dylib
0x00000001d4a8b000 	/System/Library/PrivateFrameworks/OSAServicesClient.framework/Versions/A/OSAServicesClient
0x00000001c7181000 	/usr/lib/libperfcheck.dylib
0x00000001d94d6000 	/usr/lib/libmis.dylib
0x000000021a694000 	/System/Library/Frameworks/OpenGL.framework/Versions/A/Libraries/libGLU.dylib
0x000000021a653000 	/System/Library/Frameworks/OpenGL.framework/Versions/A/Libraries/libGFXShared.dylib
0x000000021a840000 	/System/Library/Frameworks/OpenGL.framework/Versions/A/Libraries/libGL.dylib
0x000000021a65c000 	/System/Library/Frameworks/OpenGL.framework/Versions/A/Libraries/libGLImage.dylib
0x000000021a650000 	/System/Library/Frameworks/OpenGL.framework/Versions/A/Libraries/libCVMSPluginSupport.dylib
0x000000021a639000 	/System/Library/Frameworks/OpenGL.framework/Versions/A/Libraries/libCoreVMClient.dylib
0x00000001c2771000 	/System/Library/Frameworks/MetalPerformanceShaders.framework/Versions/A/Frameworks/MPSCore.framework/Versions/A/MPSCore
0x00000001c3919000 	/System/Library/Frameworks/MetalPerformanceShaders.framework/Versions/A/Frameworks/MPSImage.framework/Versions/A/MPSImage
0x00000001c3408000 	/System/Library/Frameworks/MetalPerformanceShaders.framework/Versions/A/Frameworks/MPSNeuralNetwork.framework/Versions/A/MPSNeuralNetwork
0x00000001c3841000 	/System/Library/Frameworks/MetalPerformanceShaders.framework/Versions/A/Frameworks/MPSMatrix.framework/Versions/A/MPSMatrix
0x00000001c361a000 	/System/Library/Frameworks/MetalPerformanceShaders.framework/Versions/A/Frameworks/MPSRayIntersector.framework/Versions/A/MPSRayIntersector
0x00000001c3872000 	/System/Library/Frameworks/MetalPerformanceShaders.framework/Versions/A/Frameworks/MPSNDArray.framework/Versions/A/MPSNDArray
0x000000021c7ab000 	/System/Library/Frameworks/MetalPerformanceShaders.framework/Versions/A/Frameworks/MPSFunctions.framework/Versions/A/MPSFunctions
0x00000001b9978000 	/System/Library/PrivateFrameworks/MetalTools.framework/Versions/A/MetalTools
0x00000001c27ef000 	/System/Library/PrivateFrameworks/AggregateDictionary.framework/Versions/A/AggregateDictionary
0x00000001c4727000 	/usr/lib/libIOReport.dylib
0x00000001cea26000 	/System/Library/PrivateFrameworks/ASEProcessing.framework/Versions/A/ASEProcessing
0x00000001c4a9c000 	/System/Library/PrivateFrameworks/FaceCore.framework/Versions/A/FaceCore
0x00000001c4a8e000 	/System/Library/PrivateFrameworks/GraphVisualizer.framework/Versions/A/GraphVisualizer
0x0000000224a08000 	/System/Library/PrivateFrameworks/FontServices.framework/Versions/A/FontServices
0x00000001c4eaf000 	/System/Library/PrivateFrameworks/OTSVG.framework/Versions/A/OTSVG
0x00000001c03de000 	/System/Library/Frameworks/ApplicationServices.framework/Versions/A/Frameworks/ATS.framework/Versions/A/Resources/libFontRegistry.dylib
0x00000001c4efc000 	/System/Library/PrivateFrameworks/FontServices.framework/libhvf.dylib
0x0000000224a09000 	/System/Library/PrivateFrameworks/FontServices.framework/libXTFontStaticRegistryData.dylib
0x000000021a9e1000 	/System/Library/Frameworks/OpenCL.framework/Versions/A/OpenCL
0x00000001c48f6000 	/System/Library/PrivateFrameworks/AppleVA.framework/Versions/A/AppleVA
0x00000001c6a91000 	/System/Library/Frameworks/ApplicationServices.framework/Versions/A/Frameworks/ATS.framework/Versions/A/ATS
0x00000001bee0b000 	/System/Library/Frameworks/ApplicationServices.framework/Versions/A/Frameworks/HIServices.framework/Versions/A/HIServices
0x00000001c58fb000 	/System/Library/Frameworks/ApplicationServices.framework/Versions/A/Frameworks/PrintCore.framework/Versions/A/PrintCore
0x00000001c6e28000 	/System/Library/Frameworks/ApplicationServices.framework/Versions/A/Frameworks/QD.framework/Versions/A/QD
0x00000001c6e20000 	/System/Library/Frameworks/ApplicationServices.framework/Versions/A/Frameworks/ColorSyncLegacy.framework/Versions/A/ColorSyncLegacy
0x00000001c6a7d000 	/System/Library/Frameworks/ApplicationServices.framework/Versions/A/Frameworks/SpeechSynthesis.framework/Versions/A/SpeechSynthesis
0x00000001c58bc000 	/System/Library/Frameworks/ApplicationServices.framework/Versions/A/Frameworks/ATSUI.framework/Versions/A/ATSUI
0x00000001c6db5000 	/usr/lib/libcups.2.dylib
0x00000001c718f000 	/System/Library/Frameworks/Kerberos.framework/Versions/A/Kerberos
0x00000001c71a0000 	/System/Library/Frameworks/GSS.framework/Versions/A/GSS
0x00000001c6b01000 	/usr/lib/libresolv.9.dylib
0x00000001c4f0b000 	/System/Library/PrivateFrameworks/Heimdal.framework/Versions/A/Heimdal
0x00000001cdc5b000 	/System/Library/Frameworks/Kerberos.framework/Versions/A/Libraries/libHeimdalProxy.dylib
0x00000001bfa59000 	/System/Library/Frameworks/Network.framework/Versions/A/Network
0x00000001c495d000 	/usr/lib/libheimdal-asn1.dylib
0x00000001c71f0000 	/System/Library/PrivateFrameworks/CommonAuth.framework/Versions/A/CommonAuth
0x00000001c69f7000 	/System/Library/PrivateFrameworks/AudioSession.framework/Versions/A/AudioSession
0x00000001c49ef000 	/System/Library/PrivateFrameworks/MediaExperience.framework/Versions/A/MediaExperience
0x00000001c687d000 	/System/Library/PrivateFrameworks/AudioSession.framework/libSessionUtility.dylib
0x00000001c6e34000 	/System/Library/PrivateFrameworks/AudioResourceArbitration.framework/Versions/A/AudioResourceArbitration
0x00000001cafea000 	/System/Library/PrivateFrameworks/PowerLog.framework/Versions/A/PowerLog
0x00000001c4967000 	/System/Library/PrivateFrameworks/IconFoundation.framework/Versions/A/IconFoundation
0x00000001c9d33000 	/System/Library/PrivateFrameworks/SpeechRecognitionCore.framework/Versions/A/SpeechRecognitionCore
0x0000000101500000 	/Users/ranchayasambath/Library/Java/JavaVirtualMachines/liberica-11.0.14.1/lib/server/libjvm.dylib
0x0000000100944000 	/Users/ranchayasambath/Library/Java/JavaVirtualMachines/liberica-11.0.14.1/lib/libverify.dylib
0x0000000100990000 	/Users/ranchayasambath/Library/Java/JavaVirtualMachines/liberica-11.0.14.1/lib/libjava.dylib
0x000000010095c000 	/Users/ranchayasambath/Library/Java/JavaVirtualMachines/liberica-11.0.14.1/lib/libjimage.dylib
0x00000001009c4000 	/Users/ranchayasambath/Library/Java/JavaVirtualMachines/liberica-11.0.14.1/lib/libinstrument.dylib
0x0000000100a1c000 	/Users/ranchayasambath/Library/Java/JavaVirtualMachines/liberica-11.0.14.1/lib/libzip.dylib
0x0000000101490000 	/Users/ranchayasambath/Library/Java/JavaVirtualMachines/liberica-11.0.14.1/lib/libnio.dylib
0x00000001014d4000 	/Users/ranchayasambath/Library/Java/JavaVirtualMachines/liberica-11.0.14.1/lib/libnet.dylib
0x00000001014b0000 	/Users/ranchayasambath/Library/Java/JavaVirtualMachines/liberica-11.0.14.1/lib/libextnet.dylib
0x0000000120c1c000 	/Users/ranchayasambath/Library/Java/JavaVirtualMachines/liberica-11.0.14.1/lib/libmanagement.dylib
0x0000000120c30000 	/Users/ranchayasambath/Library/Java/JavaVirtualMachines/liberica-11.0.14.1/lib/libmanagement_ext.dylib
0x0000000120c74000 	/Users/ranchayasambath/Library/Java/JavaVirtualMachines/liberica-11.0.14.1/lib/libsunec.dylib


VM Arguments:
jvm_args: -XX:TieredStopAtLevel=1 -Xverify:none -Dspring.output.ansi.enabled=always -javaagent:/Applications/IntelliJ IDEA.app/Contents/lib/idea_rt.jar=52288:/Applications/IntelliJ IDEA.app/Contents/bin -Dcom.sun.management.jmxremote -Dspring.jmx.enabled=true -Dspring.liveBeansView.mbeanDomain -Dspring.application.admin.enabled=true -Dfile.encoding=UTF-8 
java_command: com.finalledger.FinalLedgerApplication
java_class_path (initial): /Users/ranchayasambath/IdeaProjects/FinalLedger/target/classes:/Users/ranchayasambath/.m2/repository/org/springframework/boot/spring-boot-starter-web/2.6.7/spring-boot-starter-web-2.6.7.jar:/Users/ranchayasambath/.m2/repository/org/springframework/boot/spring-boot-starter/2.6.7/spring-boot-starter-2.6.7.jar:/Users/ranchayasambath/.m2/repository/org/springframework/boot/spring-boot-starter-logging/2.6.7/spring-boot-starter-logging-2.6.7.jar:/Users/ranchayasambath/.m2/repository/ch/qos/logback/logback-classic/1.2.11/logback-classic-1.2.11.jar:/Users/ranchayasambath/.m2/repository/ch/qos/logback/logback-core/1.2.11/logback-core-1.2.11.jar:/Users/ranchayasambath/.m2/repository/org/apache/logging/log4j/log4j-to-slf4j/2.17.2/log4j-to-slf4j-2.17.2.jar:/Users/ranchayasambath/.m2/repository/org/apache/logging/log4j/log4j-api/2.17.2/log4j-api-2.17.2.jar:/Users/ranchayasambath/.m2/repository/org/slf4j/jul-to-slf4j/1.7.36/jul-to-slf4j-1.7.36.jar:/Users/ranchayasambath/.m2/repository/jakarta/annotation/jakarta.annotation-api/1.3.5/jakarta.annotation-api-1.3.5.jar:/Users/ranchayasambath/.m2/repository/org/yaml/snakeyaml/1.29/snakeyaml-1.29.jar:/Users/ranchayasambath/.m2/repository/org/springframework/boot/spring-boot-starter-json/2.6.7/spring-boot-starter-json-2.6.7.jar:/Users/ranchayasambath/.m2/repository/com/fasterxml/jackson/core/jackson-databind/2.13.2.1/jackson-databind-2.13.2.1.jar:/Users/ranchayasambath/.m2/repository/com/fasterxml/jackson/core/jackson-annotations/2.13.2/jackson-annotations-2.13.2.jar:/Users/ranchayasambath/.m2/repository/com/fasterxml/jackson/core/jackson-core/2.13.2/jackson-core-2.13.2.jar:/Users/ranchayasambath/.m2/repository/com/fasterxml/jackson/datatype/jackson-datatype-jdk8/2.13.2/jackson-datatype-jdk8-2.13.2.jar:/Users/ranchayasambath/.m2/repository/com/fasterxml/jackson/datatype/jackson-datatype-jsr310/2.13.2/jackson-datatype-jsr310-2.13.2.jar:/Users/ranchayasambath/.m2/repository/com/fasterxml/jackson/module/jackson-
Launcher Type: SUN_STANDARD

[Global flags]
     bool BytecodeVerificationLocal                = false                                     {product} {command line}
     bool BytecodeVerificationRemote               = false                                     {product} {command line}
     intx CICompilerCount                          = 4                                         {product} {ergonomic}
     uint ConcGCThreads                            = 2                                         {product} {ergonomic}
     uint G1ConcRefinementThreads                  = 8                                         {product} {ergonomic}
   size_t G1HeapRegionSize                         = 1048576                                   {product} {ergonomic}
    uintx GCDrainStackTargetSize                   = 64                                        {product} {ergonomic}
   size_t InitialHeapSize                          = 134217728                                 {product} {ergonomic}
     bool ManagementServer                         = true                                      {product} {command line}
   size_t MarkStackSize                            = 4194304                                   {product} {ergonomic}
   size_t MaxHeapSize                              = 2147483648                                {product} {ergonomic}
   size_t MaxNewSize                               = 1287651328                                {product} {ergonomic}
   size_t MinHeapDeltaBytes                        = 1048576                                   {product} {ergonomic}
    uintx NonNMethodCodeHeapSize                   = 7549744                                {pd product} {ergonomic}
    uintx NonProfiledCodeHeapSize                  = 244108496                              {pd product} {ergonomic}
    uintx ProfiledCodeHeapSize                     = 0                                      {pd product} {ergonomic}
    uintx ReservedCodeCacheSize                    = 251658240                              {pd product} {ergonomic}
     bool SegmentedCodeCache                       = true                                      {product} {ergonomic}
     intx TieredStopAtLevel                        = 1                                         {product} {command line}
     bool UseCompressedClassPointers               = true                                 {lp64_product} {ergonomic}
     bool UseCompressedOops                        = true                                 {lp64_product} {ergonomic}
     bool UseG1GC                                  = true                                      {product} {ergonomic}

Logging:
Log output configuration:
 #0: stdout all=warning uptime,level,tags
 #1: stderr all=off uptime,level,tags

Environment Variables:
PATH=/opt/homebrew/bin:/opt/homebrew/sbin:/usr/local/bin:/usr/bin:/bin:/usr/sbin:/sbin:/Library/Apple/usr/bin
SHELL=/bin/zsh
LC_CTYPE=en_US.UTF-8

Signal Handlers:
SIGSEGV: [libjvm.dylib+0x6e7e40], sa_mask[0]=11111111011111110111111111111111, sa_flags=SA_ONSTACK|SA_RESTART|SA_SIGINFO
SIGBUS: [libjvm.dylib+0x6e7e40], sa_mask[0]=11111111011111110111111111111111, sa_flags=SA_RESTART|SA_SIGINFO
SIGFPE: [libjvm.dylib+0x6e7e40], sa_mask[0]=11111111011111110111111111111111, sa_flags=SA_RESTART|SA_SIGINFO
SIGPIPE: [libjvm.dylib+0x547eb8], sa_mask[0]=11111111011111110111111111111111, sa_flags=SA_RESTART|SA_SIGINFO
SIGXFSZ: [libjvm.dylib+0x547eb8], sa_mask[0]=11111111011111110111111111111111, sa_flags=SA_RESTART|SA_SIGINFO
SIGILL: [libjvm.dylib+0x6e7e40], sa_mask[0]=11111111011111110111111111111111, sa_flags=SA_RESTART|SA_SIGINFO
SIGUSR2: [libjvm.dylib+0x5484b8], sa_mask[0]=00100000000000000000000000000000, sa_flags=SA_RESTART|SA_SIGINFO
SIGHUP: [libjvm.dylib+0x546c6c], sa_mask[0]=11111111011111110111111111111111, sa_flags=SA_RESTART|SA_SIGINFO
SIGINT: [libjvm.dylib+0x546c6c], sa_mask[0]=11111111011111110111111111111111, sa_flags=SA_RESTART|SA_SIGINFO
SIGTERM: [libjvm.dylib+0x546c6c], sa_mask[0]=11111111011111110111111111111111, sa_flags=SA_RESTART|SA_SIGINFO
SIGQUIT: [libjvm.dylib+0x546c6c], sa_mask[0]=11111111011111110111111111111111, sa_flags=SA_RESTART|SA_SIGINFO


---------------  S Y S T E M  ---------------

OS:uname:Darwin 21.4.0 Darwin Kernel Version 21.4.0: Fri Mar 18 00:47:26 PDT 2022; root:xnu-8020.101.4~15/RELEASE_ARM64_T8101 arm64
OS uptime: 0 days 5:17 hours
rlimit (soft/hard): STACK 8176k/65520k , CORE 0k/infinity , NPROC 1333/2000 , NOFILE 10240/infinity , AS infinity/infinity , CPU infinity/infinity , DATA infinity/infinity , FSIZE infinity/infinity , MEMLOCK infinity/infinity , RSS infinity/infinity
load average:8.17 6.08 4.33

CPU:total 8 (initial active 8) 0x61:0x0:0x1b588bb3:0, simd, crc, lse

Memory: 16k page, physical 8388608k(96464k free), swap 1048576k(684032k free)

vm_info: OpenJDK 64-Bit Server VM (11.0.14.1+1-LTS) for bsd-aarch64 JRE (11.0.14.1+1-LTS), built on Feb  7 2022 06:07:02 by "re" with clang Apple LLVM 12.0.0 (clang-1200.0.32.28)

END.
